#
# There is insufficient memory for the Java Runtime Environment to continue.
# Native memory allocation (malloc) failed to allocate 32744 bytes for ChunkPool::allocate
# Possible reasons:
#   The system is out of physical RAM or swap space
#   The process is running with CompressedOops enabled, and the Java Heap may be blocking the growth of the native heap
# Possible solutions:
#   Reduce memory load on the system
#   Increase physical memory or swap space
#   Check if swap backing store is full
#   Decrease Java heap size (-Xmx/-Xms)
#   Decrease number of Java threads
#   Decrease Java thread stack sizes (-Xss)
#   Set larger code cache with -XX:ReservedCodeCacheSize=
#   JVM is running with Unscaled Compressed Oops mode in which the Java heap is
#     placed in the first 4GB address space. The Java Heap base address is the
#     maximum limit for the native heap growth. Please use -XX:HeapBaseMinAddress
#     to set the Java Heap base and to place the Java Heap above 4GB virtual address.
# This output file may be truncated or incomplete.
#
#  Out of Memory Error (allocation.cpp:272), pid=5876, tid=0x0000000000002a58
#
# JRE version: OpenJDK Runtime Environment (8.0_242-b01) (build 1.8.0_242-release-1644-b01)
# Java VM: OpenJDK 64-Bit Server VM (25.242-b01 mixed mode windows-amd64 compressed oops)
# Failed to write core dump. Minidumps are not enabled by default on client versions of Windows
#

---------------  T H R E A D  ---------------

Current thread (0x0000000018017000):  JavaThread "C2 CompilerThread0" daemon [_thread_in_native, id=10840, stack(0x0000000019660000,0x0000000019760000)]

Stack: [0x0000000019660000,0x0000000019760000]
[error occurred during error reporting (printing stack bounds), id 0xc0000005]

Native frames: (J=compiled Java code, j=interpreted, Vv=VM code, C=native code)


Current CompileTask:
C2:   3052 1491       4       java.net.URLClassLoader$1::run (5 bytes)


---------------  P R O C E S S  ---------------

Java Threads: ( => current thread )
  0x000000001bb69800 JavaThread "Cache worker for checksums cache (C:\Users\ZinPaingOo\AndroidStudioProjects\Notes\.gradle\checksums)" [_thread_blocked, id=9008, stack(0x0000000020580000,0x0000000020680000)]
  0x000000001bb68000 JavaThread "Cache worker for file hash cache (C:\Users\ZinPaingOo\.gradle\caches\6.1.1\fileHashes)" [_thread_blocked, id=4992, stack(0x000000001dd80000,0x000000001de80000)]
  0x000000001bb68800 JavaThread "File lock request listener" [_thread_in_native, id=3572, stack(0x000000001dc80000,0x000000001dd80000)]
  0x000000001a245000 JavaThread "Cache worker for journal cache (C:\Users\ZinPaingOo\.gradle\caches\journal-1)" [_thread_blocked, id=5456, stack(0x000000001db80000,0x000000001dc80000)]
  0x000000001bac5000 JavaThread "Thread-9" [_thread_blocked, id=1432, stack(0x000000001d880000,0x000000001d980000)]
  0x000000001bac2000 JavaThread "Stdin handler" [_thread_blocked, id=1108, stack(0x000000001d780000,0x000000001d880000)]
  0x000000001babf800 JavaThread "Asynchronous log dispatcher for DefaultDaemonConnection: socket connection from /127.0.0.1:53329 to /127.0.0.1:53330" [_thread_blocked, id=2532, stack(0x000000001d680000,0x000000001d780000)]
  0x000000001bab2800 JavaThread "Daemon worker" [_thread_in_vm, id=7424, stack(0x000000001d580000,0x000000001d680000)]
  0x000000001bab1800 JavaThread "Cancel handler" [_thread_blocked, id=9512, stack(0x000000001d480000,0x000000001d580000)]
  0x000000001b9bb800 JavaThread "Handler for socket connection from /127.0.0.1:53329 to /127.0.0.1:53330" [_thread_in_native, id=6568, stack(0x000000001d180000,0x000000001d280000)]
  0x000000001b9b7000 JavaThread "Daemon" [_thread_blocked, id=1344, stack(0x000000001d080000,0x000000001d180000)]
  0x000000001b9b1800 JavaThread "Daemon periodic checks" [_thread_blocked, id=10828, stack(0x000000001cf80000,0x000000001d080000)]
  0x000000001b9de800 JavaThread "Incoming local TCP Connector on port 53329" [_thread_in_native, id=10760, stack(0x000000001cd40000,0x000000001ce40000)]
  0x0000000019fbe000 JavaThread "Daemon health stats" [_thread_blocked, id=7072, stack(0x000000001c700000,0x000000001c800000)]
  0x000000001806e000 JavaThread "Service Thread" daemon [_thread_blocked, id=10092, stack(0x0000000019d60000,0x0000000019e60000)]
  0x000000001802c000 JavaThread "C1 CompilerThread2" daemon [_thread_blocked, id=9208, stack(0x0000000019860000,0x0000000019960000)]
  0x000000001801e000 JavaThread "C2 CompilerThread1" daemon [_thread_in_native, id=10048, stack(0x0000000019760000,0x0000000019860000)]
=>0x0000000018017000 JavaThread "C2 CompilerThread0" daemon [_thread_in_native, id=10840, stack(0x0000000019660000,0x0000000019760000)]
  0x0000000018015800 JavaThread "Attach Listener" daemon [_thread_blocked, id=6184, stack(0x0000000019560000,0x0000000019660000)]
  0x0000000018014800 JavaThread "Signal Dispatcher" daemon [_thread_blocked, id=9812, stack(0x0000000019460000,0x0000000019560000)]
  0x00000000032fc800 JavaThread "Finalizer" daemon [_thread_blocked, id=9324, stack(0x0000000019260000,0x0000000019360000)]
  0x0000000017ff9000 JavaThread "Reference Handler" daemon [_thread_blocked, id=8064, stack(0x0000000019160000,0x0000000019260000)]
  0x00000000033ee800 JavaThread "main" [_thread_blocked, id=8524, stack(0x0000000003090000,0x0000000003190000)]

Other Threads:
  0x0000000017fd7000 VMThread [stack: 0x0000000019060000,0x0000000019160000] [id=11172]
  0x000000001806e800 WatcherThread [stack: 0x0000000019e60000,0x0000000019f60000] [id=10012]

VM state:not at safepoint (normal execution)

VM Mutex/Monitor currently owned by a thread: None

heap address: 0x0000000080000000, size: 2048 MB, Compressed Oops mode: 32-bit
Narrow klass base: 0x0000000000000000, Narrow klass shift: 3
Compressed class space size: 1073741824 Address: 0x0000000100000000

Heap:
 PSYoungGen      total 68608K, used 49403K [0x00000000d5580000, 0x00000000ddb80000, 0x0000000100000000)
  eden space 63488K, 69% used [0x00000000d5580000,0x00000000d80c6838,0x00000000d9380000)
  from space 5120K, 99% used [0x00000000d9380000,0x00000000d98783e0,0x00000000d9880000)
  to   space 5120K, 0% used [0x00000000dd680000,0x00000000dd680000,0x00000000ddb80000)
 ParOldGen       total 84992K, used 3775K [0x0000000080000000, 0x0000000085300000, 0x00000000d5580000)
  object space 84992K, 4% used [0x0000000080000000,0x00000000803afcf8,0x0000000085300000)
 Metaspace       used 18203K, capacity 18778K, committed 19072K, reserved 1064960K
  class space    used 2497K, capacity 2667K, committed 2688K, reserved 1048576K

Card table byte_map: [0x00000000127b0000,0x0000000012bc0000] byte_map_base: 0x00000000123b0000

Marking Bits: (ParMarkBitMap*) 0x000000005309f030
 Begin Bits: [0x0000000013270000, 0x0000000015270000)
 End Bits:   [0x0000000015270000, 0x0000000017270000)

Polling page: 0x0000000000ff0000

CodeCache: size=245760Kb used=5625Kb max_used=5625Kb free=240134Kb
 bounds [0x00000000033f0000, 0x0000000003980000, 0x00000000123f0000]
 total_blobs=2039 nmethods=1629 adapters=323
 compilation: enabled

Compilation events (10 events):
Event: 3.016 Thread 0x000000001802c000 1634       3       org.gradle.internal.service.DefaultServiceRegistry$ParentServices::getService (11 bytes)
Event: 3.017 Thread 0x000000001802c000 nmethod 1634 0x000000000396e950 code [0x000000000396eac0, 0x000000000396ece8]
Event: 3.032 Thread 0x000000001802c000 1635  s    3       java.io.ExpiringCache::get (39 bytes)
Event: 3.033 Thread 0x000000001802c000 nmethod 1635 0x000000000396edd0 code [0x000000000396ef60, 0x000000000396f398]
Event: 3.041 Thread 0x000000001802c000 1636       3       java.util.concurrent.locks.ReentrantLock::unlock (10 bytes)
Event: 3.042 Thread 0x000000001802c000 nmethod 1636 0x000000000396f4d0 code [0x000000000396f660, 0x000000000396fa58]
Event: 3.042 Thread 0x000000001802c000 1637       3       java.util.concurrent.locks.AbstractQueuedSynchronizer::<init> (5 bytes)
Event: 3.042 Thread 0x000000001802c000 nmethod 1637 0x000000000396fb90 code [0x000000000396fd00, 0x000000000396ff10]
Event: 3.042 Thread 0x000000001802c000 1638       3       com.google.common.cache.LocalCache::evictsBySize (15 bytes)
Event: 3.042 Thread 0x000000001802c000 nmethod 1638 0x000000000396ffd0 code [0x0000000003970120, 0x00000000039702d0]

GC Heap History (6 events):
Event: 0.782 GC heap before
{Heap before GC invocations=1 (full 0):
 PSYoungGen      total 36864K, used 31744K [0x00000000d5580000, 0x00000000d7e80000, 0x0000000100000000)
  eden space 31744K, 100% used [0x00000000d5580000,0x00000000d7480000,0x00000000d7480000)
  from space 5120K, 0% used [0x00000000d7980000,0x00000000d7980000,0x00000000d7e80000)
  to   space 5120K, 0% used [0x00000000d7480000,0x00000000d7480000,0x00000000d7980000)
 ParOldGen       total 84992K, used 0K [0x0000000080000000, 0x0000000085300000, 0x00000000d5580000)
  object space 84992K, 0% used [0x0000000080000000,0x0000000080000000,0x0000000085300000)
 Metaspace       used 7173K, capacity 7376K, committed 7680K, reserved 1056768K
  class space    used 883K, capacity 968K, committed 1024K, reserved 1048576K
Event: 0.791 GC heap after
Heap after GC invocations=1 (full 0):
 PSYoungGen      total 36864K, used 4316K [0x00000000d5580000, 0x00000000d9d80000, 0x0000000100000000)
  eden space 31744K, 0% used [0x00000000d5580000,0x00000000d5580000,0x00000000d7480000)
  from space 5120K, 84% used [0x00000000d7480000,0x00000000d78b7288,0x00000000d7980000)
  to   space 5120K, 0% used [0x00000000d9880000,0x00000000d9880000,0x00000000d9d80000)
 ParOldGen       total 84992K, used 16K [0x0000000080000000, 0x0000000085300000, 0x00000000d5580000)
  object space 84992K, 0% used [0x0000000080000000,0x0000000080004000,0x0000000085300000)
 Metaspace       used 7173K, capacity 7376K, committed 7680K, reserved 1056768K
  class space    used 883K, capacity 968K, committed 1024K, reserved 1048576K
}
Event: 1.068 GC heap before
{Heap before GC invocations=2 (full 0):
 PSYoungGen      total 36864K, used 36060K [0x00000000d5580000, 0x00000000d9d80000, 0x0000000100000000)
  eden space 31744K, 100% used [0x00000000d5580000,0x00000000d7480000,0x00000000d7480000)
  from space 5120K, 84% used [0x00000000d7480000,0x00000000d78b7288,0x00000000d7980000)
  to   space 5120K, 0% used [0x00000000d9880000,0x00000000d9880000,0x00000000d9d80000)
 ParOldGen       total 84992K, used 16K [0x0000000080000000, 0x0000000085300000, 0x00000000d5580000)
  object space 84992K, 0% used [0x0000000080000000,0x0000000080004000,0x0000000085300000)
 Metaspace       used 7349K, capacity 7568K, committed 7680K, reserved 1056768K
  class space    used 892K, capacity 968K, committed 1024K, reserved 1048576K
Event: 1.072 GC heap after
Heap after GC invocations=2 (full 0):
 PSYoungGen      total 68608K, used 3121K [0x00000000d5580000, 0x00000000d9d80000, 0x0000000100000000)
  eden space 63488K, 0% used [0x00000000d5580000,0x00000000d5580000,0x00000000d9380000)
  from space 5120K, 60% used [0x00000000d9880000,0x00000000d9b8c588,0x00000000d9d80000)
  to   space 5120K, 0% used [0x00000000d9380000,0x00000000d9380000,0x00000000d9880000)
 ParOldGen       total 84992K, used 24K [0x0000000080000000, 0x0000000085300000, 0x00000000d5580000)
  object space 84992K, 0% used [0x0000000080000000,0x0000000080006000,0x0000000085300000)
 Metaspace       used 7349K, capacity 7568K, committed 7680K, reserved 1056768K
  class space    used 892K, capacity 968K, committed 1024K, reserved 1048576K
}
Event: 2.369 GC heap before
{Heap before GC invocations=3 (full 0):
 PSYoungGen      total 68608K, used 66609K [0x00000000d5580000, 0x00000000d9d80000, 0x0000000100000000)
  eden space 63488K, 100% used [0x00000000d5580000,0x00000000d9380000,0x00000000d9380000)
  from space 5120K, 60% used [0x00000000d9880000,0x00000000d9b8c588,0x00000000d9d80000)
  to   space 5120K, 0% used [0x00000000d9380000,0x00000000d9380000,0x00000000d9880000)
 ParOldGen       total 84992K, used 24K [0x0000000080000000, 0x0000000085300000, 0x00000000d5580000)
  object space 84992K, 0% used [0x0000000080000000,0x0000000080006000,0x0000000085300000)
 Metaspace       used 14035K, capacity 14438K, committed 14720K, reserved 1062912K
  class space    used 1925K, capacity 2057K, committed 2176K, reserved 1048576K
Event: 2.381 GC heap after
Heap after GC invocations=3 (full 0):
 PSYoungGen      total 68608K, used 5088K [0x00000000d5580000, 0x00000000ddb80000, 0x0000000100000000)
  eden space 63488K, 0% used [0x00000000d5580000,0x00000000d5580000,0x00000000d9380000)
  from space 5120K, 99% used [0x00000000d9380000,0x00000000d98783e0,0x00000000d9880000)
  to   space 5120K, 0% used [0x00000000dd680000,0x00000000dd680000,0x00000000ddb80000)
 ParOldGen       total 84992K, used 3775K [0x0000000080000000, 0x0000000085300000, 0x00000000d5580000)
  object space 84992K, 4% used [0x0000000080000000,0x00000000803afcf8,0x0000000085300000)
 Metaspace       used 14035K, capacity 14438K, committed 14720K, reserved 1062912K
  class space    used 1925K, capacity 2057K, committed 2176K, reserved 1048576K
}

Deoptimization events (10 events):
Event: 2.066 Thread 0x000000001b9bb800 Uncommon trap: reason=unstable_if action=reinterpret pc=0x000000000370069c method=java.lang.String.substring(I)Ljava/lang/String; @ 35
Event: 2.109 Thread 0x000000001bab2800 Uncommon trap: reason=bimorphic action=maybe_recompile pc=0x00000000036bb4e4 method=java.util.HashMap.putVal(ILjava/lang/Object;Ljava/lang/Object;ZZ)Ljava/lang/Object; @ 253
Event: 2.109 Thread 0x000000001bab2800 Uncommon trap: reason=bimorphic action=maybe_recompile pc=0x00000000036bb4e4 method=java.util.HashMap.putVal(ILjava/lang/Object;Ljava/lang/Object;ZZ)Ljava/lang/Object; @ 253
Event: 2.109 Thread 0x000000001bab2800 Uncommon trap: reason=bimorphic action=maybe_recompile pc=0x00000000036bb4e4 method=java.util.HashMap.putVal(ILjava/lang/Object;Ljava/lang/Object;ZZ)Ljava/lang/Object; @ 253
Event: 2.109 Thread 0x000000001bab2800 Uncommon trap: reason=bimorphic action=maybe_recompile pc=0x00000000036bb4e4 method=java.util.HashMap.putVal(ILjava/lang/Object;Ljava/lang/Object;ZZ)Ljava/lang/Object; @ 253
Event: 2.332 Thread 0x000000001bab2800 Uncommon trap: reason=class_check action=maybe_recompile pc=0x000000000370ec18 method=java.util.regex.Matcher.match(II)Z @ 86
Event: 2.344 Thread 0x000000001bab2800 Uncommon trap: reason=class_check action=maybe_recompile pc=0x000000000370ec18 method=java.util.regex.Matcher.match(II)Z @ 86
Event: 2.345 Thread 0x000000001bab2800 Uncommon trap: reason=class_check action=maybe_recompile pc=0x000000000370ec18 method=java.util.regex.Matcher.match(II)Z @ 86
Event: 2.345 Thread 0x000000001bab2800 Uncommon trap: reason=class_check action=maybe_recompile pc=0x00000000036e64dc method=java.util.regex.Matcher.match(II)Z @ 86
Event: 2.684 Thread 0x000000001bab2800 Uncommon trap: reason=unstable_if action=reinterpret pc=0x000000000370564c method=java.io.File.getName()Ljava/lang/String; @ 16

Classes redefined (0 events):
No events

Internal exceptions (10 events):
Event: 2.061 Thread 0x000000001b9bb800 Exception <a 'java/lang/NoSuchMethodError': <clinit>> (0x00000000d7882788) thrown at [C:\src\AOSP-openjdk-git\hotspot\src\share\vm\prims\jni.cpp, line 1615]
Event: 2.062 Thread 0x000000001b9bb800 Exception <a 'java/lang/NoSuchMethodError': <clinit>> (0x00000000d788b328) thrown at [C:\src\AOSP-openjdk-git\hotspot\src\share\vm\prims\jni.cpp, line 1615]
Event: 2.064 Thread 0x000000001b9bb800 Exception <a 'java/lang/NoSuchMethodError': <clinit>> (0x00000000d78a1828) thrown at [C:\src\AOSP-openjdk-git\hotspot\src\share\vm\prims\jni.cpp, line 1615]
Event: 2.071 Thread 0x000000001b9bb800 Exception <a 'java/lang/NoSuchMethodError': <clinit>> (0x00000000d78fc188) thrown at [C:\src\AOSP-openjdk-git\hotspot\src\share\vm\prims\jni.cpp, line 1615]
Event: 2.074 Thread 0x000000001b9bb800 Exception <a 'java/lang/NoSuchMethodError': <clinit>> (0x00000000d7928b58) thrown at [C:\src\AOSP-openjdk-git\hotspot\src\share\vm\prims\jni.cpp, line 1615]
Event: 2.081 Thread 0x000000001b9bb800 Exception <a 'java/lang/NoSuchMethodError': <clinit>> (0x00000000d7955e80) thrown at [C:\src\AOSP-openjdk-git\hotspot\src\share\vm\prims\jni.cpp, line 1615]
Event: 2.082 Thread 0x000000001b9bb800 Exception <a 'java/lang/NoSuchMethodError': <clinit>> (0x00000000d7960f08) thrown at [C:\src\AOSP-openjdk-git\hotspot\src\share\vm\prims\jni.cpp, line 1615]
Event: 2.729 Thread 0x000000001bab2800 Exception <a 'java/lang/NoSuchMethodError': java.lang.Object.lambda$and$0(Ljava/util/function/Predicate;Ljava/lang/Object;)Z> (0x00000000d6ec2278) thrown at [C:\src\AOSP-openjdk-git\hotspot\src\share\vm\interpreter\linkResolver.cpp, line 620]
Event: 2.734 Thread 0x000000001bab2800 Exception <a 'java/lang/IncompatibleClassChangeError': Found class java.lang.Object, but interface was expected> (0x00000000d6ed2aa0) thrown at [C:\src\AOSP-openjdk-git\hotspot\src\share\vm\interpreter\linkResolver.cpp, line 653]
Event: 2.736 Thread 0x000000001bab2800 Exception <a 'java/lang/NoSuchMethodError': java.lang.Object.lambda$or$2(Ljava/util/function/Predicate;Ljava/lang/Object;)Z> (0x00000000d6ed79c0) thrown at [C:\src\AOSP-openjdk-git\hotspot\src\share\vm\interpreter\linkResolver.cpp, line 620]

Events (10 events):
Event: 3.045 loading class org/gradle/api/internal/file/TmpDirTemporaryFileProvider
Event: 3.045 loading class org/gradle/api/internal/file/TmpDirTemporaryFileProvider done
Event: 3.045 loading class org/gradle/api/internal/file/DefaultTemporaryFileProvider
Event: 3.046 loading class org/gradle/api/internal/file/DefaultTemporaryFileProvider done
Event: 3.046 loading class org/gradle/api/internal/file/TmpDirTemporaryFileProvider$1
Event: 3.046 loading class org/gradle/api/internal/file/TmpDirTemporaryFileProvider$1 done
Event: 3.047 loading class org/gradle/internal/resource/local/UniquePathKeyFileStore
Event: 3.047 loading class org/gradle/internal/resource/local/UniquePathKeyFileStore done
Event: 3.047 loading class org/gradle/internal/resource/local/DefaultPathKeyFileStore
Event: 3.047 loading class org/gradle/internal/resource/local/DefaultPathKeyFileStore done


Dynamic libraries:
0x00007ff634b20000 - 0x00007ff634b51000 	C:\Program Files\Android\Android Studio\jre\bin\java.exe
0x00007ffa71220000 - 0x00007ffa7140d000 	C:\WINDOWS\SYSTEM32\ntdll.dll
0x00007ffa70f20000 - 0x00007ffa70fd3000 	C:\WINDOWS\System32\KERNEL32.DLL
0x00007ffa6dfe0000 - 0x00007ffa6e274000 	C:\WINDOWS\System32\KERNELBASE.dll
0x00007ffa6b570000 - 0x00007ffa6b5fc000 	C:\WINDOWS\SYSTEM32\apphelp.dll
0x00007ffa70fe0000 - 0x00007ffa71083000 	C:\WINDOWS\System32\ADVAPI32.dll
0x00007ffa6f640000 - 0x00007ffa6f6de000 	C:\WINDOWS\System32\msvcrt.dll
0x00007ffa6e4a0000 - 0x00007ffa6e53e000 	C:\WINDOWS\System32\sechost.dll
0x00007ffa6e540000 - 0x00007ffa6e662000 	C:\WINDOWS\System32\RPCRT4.dll
0x00007ffa6f060000 - 0x00007ffa6f1f7000 	C:\WINDOWS\System32\USER32.dll
0x00007ffa6e280000 - 0x00007ffa6e2a0000 	C:\WINDOWS\System32\win32u.dll
0x00007ffa71090000 - 0x00007ffa710b9000 	C:\WINDOWS\System32\GDI32.dll
0x00007ffa6de10000 - 0x00007ffa6dfac000 	C:\WINDOWS\System32\gdi32full.dll
0x00007ffa6e3a0000 - 0x00007ffa6e440000 	C:\WINDOWS\System32\msvcp_win.dll
0x00007ffa6e2a0000 - 0x00007ffa6e39a000 	C:\WINDOWS\System32\ucrtbase.dll
0x00007ffa5ce70000 - 0x00007ffa5d0e9000 	C:\WINDOWS\WinSxS\amd64_microsoft.windows.common-controls_6595b64144ccf1df_6.0.17763.1457_none_de7243e4534a70d1\COMCTL32.dll
0x00007ffa6ed30000 - 0x00007ffa6f05d000 	C:\WINDOWS\System32\combase.dll
0x00007ffa6d330000 - 0x00007ffa6d3ae000 	C:\WINDOWS\System32\bcryptPrimitives.dll
0x00007ffa70e10000 - 0x00007ffa70e3e000 	C:\WINDOWS\System32\IMM32.DLL
0x0000000052710000 - 0x00000000527e2000 	C:\Program Files\Android\Android Studio\jre\jre\bin\msvcr100.dll
0x00000000528d0000 - 0x000000005311b000 	C:\Program Files\Android\Android Studio\jre\jre\bin\server\jvm.dll
0x00007ffa70d60000 - 0x00007ffa70d68000 	C:\WINDOWS\System32\PSAPI.DLL
0x00007ffa48b50000 - 0x00007ffa48b59000 	C:\WINDOWS\SYSTEM32\WSOCK32.dll
0x00007ffa6af60000 - 0x00007ffa6af84000 	C:\WINDOWS\SYSTEM32\WINMM.dll
0x00007ffa70da0000 - 0x00007ffa70e0d000 	C:\WINDOWS\System32\WS2_32.dll
0x00007ffa68c00000 - 0x00007ffa68c0a000 	C:\WINDOWS\SYSTEM32\VERSION.dll
0x00007ffa6af00000 - 0x00007ffa6af2d000 	C:\WINDOWS\SYSTEM32\WINMMBASE.dll
0x00007ffa6ddc0000 - 0x00007ffa6de0a000 	C:\WINDOWS\System32\cfgmgr32.dll
0x00007ffa600a0000 - 0x00007ffa600af000 	C:\Program Files\Android\Android Studio\jre\jre\bin\verify.dll
0x00007ffa54940000 - 0x00007ffa54969000 	C:\Program Files\Android\Android Studio\jre\jre\bin\java.dll
0x00007ffa5fab0000 - 0x00007ffa5fac6000 	C:\Program Files\Android\Android Studio\jre\jre\bin\zip.dll
0x00007ffa6f860000 - 0x00007ffa70d59000 	C:\WINDOWS\System32\SHELL32.dll
0x00007ffa6f6e0000 - 0x00007ffa6f789000 	C:\WINDOWS\System32\shcore.dll
0x00007ffa6d5b0000 - 0x00007ffa6dd02000 	C:\WINDOWS\System32\windows.storage.dll
0x00007ffa6d300000 - 0x00007ffa6d324000 	C:\WINDOWS\System32\profapi.dll
0x00007ffa6d260000 - 0x00007ffa6d2bd000 	C:\WINDOWS\System32\powrprof.dll
0x00007ffa70ec0000 - 0x00007ffa70f12000 	C:\WINDOWS\System32\shlwapi.dll
0x00007ffa6d2c0000 - 0x00007ffa6d2d1000 	C:\WINDOWS\System32\kernel.appcore.dll
0x00007ffa6d3b0000 - 0x00007ffa6d3c7000 	C:\WINDOWS\System32\cryptsp.dll
0x00007ffa54920000 - 0x00007ffa5493a000 	C:\Program Files\Android\Android Studio\jre\jre\bin\net.dll
0x00007ffa6ca60000 - 0x00007ffa6cac7000 	C:\WINDOWS\system32\mswsock.dll
0x00007ffa54900000 - 0x00007ffa54913000 	C:\Program Files\Android\Android Studio\jre\jre\bin\nio.dll
0x00007ffa68bd0000 - 0x00007ffa68bf6000 	C:\Users\ZinPaingOo\.gradle\native\31\windows-amd64\native-platform.dll
0x00007ffa60090000 - 0x00007ffa6009d000 	C:\Program Files\Android\Android Studio\jre\jre\bin\management.dll
0x00007ffa6c5e0000 - 0x00007ffa6c613000 	C:\WINDOWS\system32\rsaenh.dll
0x00007ffa6dfb0000 - 0x00007ffa6dfd6000 	C:\WINDOWS\System32\bcrypt.dll
0x00007ffa6d190000 - 0x00007ffa6d1b8000 	C:\WINDOWS\SYSTEM32\USERENV.dll
0x00007ffa6cc30000 - 0x00007ffa6cc3c000 	C:\WINDOWS\SYSTEM32\CRYPTBASE.dll
0x00007ffa6c780000 - 0x00007ffa6c7bd000 	C:\WINDOWS\SYSTEM32\IPHLPAPI.DLL
0x00007ffa6e820000 - 0x00007ffa6e828000 	C:\WINDOWS\System32\NSI.dll
0x00007ffa664f0000 - 0x00007ffa66506000 	C:\WINDOWS\SYSTEM32\dhcpcsvc6.DLL
0x00007ffa663f0000 - 0x00007ffa6640c000 	C:\WINDOWS\SYSTEM32\dhcpcsvc.DLL
0x00007ffa6c7c0000 - 0x00007ffa6c887000 	C:\WINDOWS\SYSTEM32\DNSAPI.dll

VM Arguments:
jvm_args: -Xmx2048m -Dfile.encoding=windows-1252 -Duser.country=US -Duser.language=en -Duser.variant 
java_command: org.gradle.launcher.daemon.bootstrap.GradleDaemon 6.1.1
java_class_path (initial): C:\Users\ZinPaingOo\.gradle\wrapper\dists\gradle-6.1.1-all\cfmwm155h49vnt3hynmlrsdst\gradle-6.1.1\lib\gradle-launcher-6.1.1.jar
Launcher Type: SUN_STANDARD

Environment Variables:
JAVA_HOME=C:\Program Files\Java\jdk1.8.0_231
PATH=C:\Program Files (x86)\Common Files\Oracle\Java\javapath;C:\WINDOWS\system32;C:\WINDOWS;C:\WINDOWS\System32\Wbem;C:\WINDOWS\System32\WindowsPowerShell\v1.0\;C:\WINDOWS\System32\OpenSSH\;C:\Program Files\Git\cmd;C:\Program Files (x86)\node-v12.14.1-win-x64;C:\Program Files\nodejs\;D:\sdk\platform-tools\adb;C:\Users\ZinPaingOo\AppData\Local\Programs\Python\Python37\Scripts\;C:\Users\ZinPaingOo\AppData\Local\Programs\Python\Python37\;C:\Users\ZinPaingOo\AppData\Local\Microsoft\WindowsApps;C:\Users\ZinPaingOo\AppData\Local\Programs\Microsoft VS Code\bin;C:\Users\ZinPaingOo\AppData\Roaming\npm;D:\android_sdk\tools;D:\android_sdk\platform-tools;C:\Program Files\Java\jdk1.8.0_231\bin;C:\src\flutter\flutter\bin;C:\Program Files\Git\bin\;C:\Program Files\Git\cmd\;C:\Users\ZinPaingOo\AppData\Local\GitHubDesktop\bin
USERNAME=ZinPaingOo
OS=Windows_NT
PROCESSOR_IDENTIFIER=Intel64 Family 6 Model 78 Stepping 3, GenuineIntel



---------------  S Y S T E M  ---------------

OS: Windows 10.0 , 64 bit Build 17763 (10.0.17763.475)

CPU:total 4 (initial active 4) (2 cores per cpu, 2 threads per core) family 6 model 78 stepping 3, cmov, cx8, fxsr, mmx, sse, sse2, sse3, ssse3, sse4.1, sse4.2, popcnt, avx, avx2, aes, clmul, erms, 3dnowpref, lzcnt, ht, tsc, tscinvbit, bmi1, bmi2, adx

Memory: 4k page, physical 8082920k(1448492k free), swap 11154920k(3220k free)

vm_info: OpenJDK 64-Bit Server VM (25.242-b01) for windows-amd64 JRE (1.8.0_242-release-1644-b01), built by "builder" with MS VC++ 10.0 (VS2010)

time: Tue Sep 15 12:10:32 2020
timezone: Myanmar Standard Time
elapsed time: 3 seconds (0d 0h 0m 3s)

