#
# There is insufficient memory for the Java Runtime Environment to continue.
# Native memory allocation (malloc) failed to allocate 1066736 bytes for Chunk::new
# Possible reasons:
#   The system is out of physical RAM or swap space
#   The process is running with CompressedOops enabled, and the Java Heap may be blocking the growth of the native heap
# Possible solutions:
#   Reduce memory load on the system
#   Increase physical memory or swap space
#   Check if swap backing store is full
#   Decrease Java heap size (-Xmx/-Xms)
#   Decrease number of Java threads
#   Decrease Java thread stack sizes (-Xss)
#   Set larger code cache with -XX:ReservedCodeCacheSize=
#   JVM is running with Unscaled Compressed Oops mode in which the Java heap is
#     placed in the first 4GB address space. The Java Heap base address is the
#     maximum limit for the native heap growth. Please use -XX:HeapBaseMinAddress
#     to set the Java Heap base and to place the Java Heap above 4GB virtual address.
# This output file may be truncated or incomplete.
#
#  Out of Memory Error (allocation.cpp:389), pid=548, tid=0x0000000000001d20
#
# JRE version: OpenJDK Runtime Environment (8.0_242-b01) (build 1.8.0_242-release-1644-b01)
# Java VM: OpenJDK 64-Bit Server VM (25.242-b01 mixed mode windows-amd64 compressed oops)
# Failed to write core dump. Minidumps are not enabled by default on client versions of Windows
#

---------------  T H R E A D  ---------------

Current thread (0x000000001726a800):  JavaThread "C2 CompilerThread1" daemon [_thread_in_native, id=7456, stack(0x00000000189e0000,0x0000000018ae0000)]

Stack: [0x00000000189e0000,0x0000000018ae0000]
[error occurred during error reporting (printing stack bounds), id 0xc0000005]

Native frames: (J=compiled Java code, j=interpreted, Vv=VM code, C=native code)


Current CompileTask:
C2:   7410 3805       4       org.objectweb.asm.Frame::execute (2318 bytes)


---------------  P R O C E S S  ---------------

Java Threads: ( => current thread )
  0x000000001b284800 JavaThread "Cache worker for Build Output Cleanup Cache (C:\Users\ZinPaingOo\AndroidStudioProjects\Notes\.gradle\buildOutputCleanup)" [_thread_blocked, id=7180, stack(0x00000000235f0000,0x00000000236f0000)]
  0x000000001b281800 JavaThread "Build operations Thread 4" [_thread_blocked, id=8432, stack(0x00000000232f0000,0x00000000233f0000)]
  0x000000001b280000 JavaThread "Build operations Thread 3" [_thread_blocked, id=8000, stack(0x00000000231f0000,0x00000000232f0000)]
  0x000000001b284000 JavaThread "Build operations Thread 2" [_thread_blocked, id=2028, stack(0x00000000230f0000,0x00000000231f0000)]
  0x000000001b281000 JavaThread "Build operations" [_thread_blocked, id=10728, stack(0x0000000022ab0000,0x0000000022bb0000)]
  0x000000001b175000 JavaThread "Cache worker for execution history cache (C:\Users\ZinPaingOo\.gradle\caches\6.1.1\executionHistory)" [_thread_blocked, id=5672, stack(0x0000000020db0000,0x0000000020eb0000)]
  0x000000001b178000 JavaThread "Cache worker for cache directory md-rule (C:\Users\ZinPaingOo\.gradle\caches\6.1.1\md-rule)" [_thread_blocked, id=224, stack(0x0000000020cb0000,0x0000000020db0000)]
  0x000000001b177800 JavaThread "Cache worker for cache directory md-supplier (C:\Users\ZinPaingOo\.gradle\caches\6.1.1\md-supplier)" [_thread_blocked, id=6072, stack(0x0000000020bb0000,0x0000000020cb0000)]
  0x000000001b17b000 JavaThread "Cache worker for file hash cache (C:\Users\ZinPaingOo\AndroidStudioProjects\Notes\.gradle\6.1.1\fileHashes)" [_thread_blocked, id=2984, stack(0x000000001f8e0000,0x000000001f9e0000)]
  0x000000001b174800 JavaThread "Cache worker for checksums cache (C:\Users\ZinPaingOo\AndroidStudioProjects\Notes\.gradle\checksums)" [_thread_blocked, id=6984, stack(0x000000001f7e0000,0x000000001f8e0000)]
  0x000000001b179800 JavaThread "Cache worker for file hash cache (C:\Users\ZinPaingOo\.gradle\caches\6.1.1\fileHashes)" [_thread_blocked, id=10228, stack(0x000000001d060000,0x000000001d160000)]
  0x000000001b17a800 JavaThread "File lock request listener" [_thread_in_native, id=10380, stack(0x000000001cf60000,0x000000001d060000)]
  0x000000001b181800 JavaThread "Cache worker for journal cache (C:\Users\ZinPaingOo\.gradle\caches\journal-1)" [_thread_blocked, id=8672, stack(0x000000001ce60000,0x000000001cf60000)]
  0x000000001b082800 JavaThread "Thread-9" [_thread_blocked, id=11220, stack(0x000000001cb60000,0x000000001cc60000)]
  0x000000001b025800 JavaThread "Stdin handler" [_thread_blocked, id=9532, stack(0x000000001ca60000,0x000000001cb60000)]
  0x000000001b088000 JavaThread "Asynchronous log dispatcher for DefaultDaemonConnection: socket connection from /127.0.0.1:53142 to /127.0.0.1:53143" [_thread_blocked, id=2356, stack(0x000000001c960000,0x000000001ca60000)]
  0x000000001b089800 JavaThread "Daemon worker" [_thread_in_Java, id=912, stack(0x000000001c860000,0x000000001c960000)]
  0x000000001b093000 JavaThread "Cancel handler" [_thread_blocked, id=7568, stack(0x000000001c760000,0x000000001c860000)]
  0x000000001afc0800 JavaThread "Handler for socket connection from /127.0.0.1:53142 to /127.0.0.1:53143" [_thread_in_native, id=6804, stack(0x000000001c460000,0x000000001c560000)]
  0x000000001afb8000 JavaThread "Daemon" [_thread_blocked, id=6412, stack(0x000000001c360000,0x000000001c460000)]
  0x000000001afb5800 JavaThread "Daemon periodic checks" [_thread_blocked, id=7720, stack(0x000000001c260000,0x000000001c360000)]
  0x000000001af7b800 JavaThread "Incoming local TCP Connector on port 53142" [_thread_in_native, id=3728, stack(0x00000000192e0000,0x00000000193e0000)]
  0x000000001af22800 JavaThread "Daemon health stats" [_thread_blocked, id=6788, stack(0x00000000191e0000,0x00000000192e0000)]
  0x00000000172be800 JavaThread "Service Thread" daemon [_thread_blocked, id=2832, stack(0x0000000018fe0000,0x00000000190e0000)]
  0x0000000017272800 JavaThread "C1 CompilerThread2" daemon [_thread_in_native, id=504, stack(0x0000000018ae0000,0x0000000018be0000)]
=>0x000000001726a800 JavaThread "C2 CompilerThread1" daemon [_thread_in_native, id=7456, stack(0x00000000189e0000,0x0000000018ae0000)]
  0x0000000017264800 JavaThread "C2 CompilerThread0" daemon [_thread_in_native, id=3536, stack(0x00000000188e0000,0x00000000189e0000)]
  0x0000000017263000 JavaThread "Attach Listener" daemon [_thread_blocked, id=1996, stack(0x00000000187e0000,0x00000000188e0000)]
  0x0000000017262000 JavaThread "Signal Dispatcher" daemon [_thread_blocked, id=2092, stack(0x00000000186e0000,0x00000000187e0000)]
  0x000000000263c800 JavaThread "Finalizer" daemon [_thread_blocked, id=8728, stack(0x00000000184e0000,0x00000000185e0000)]
  0x0000000017249000 JavaThread "Reference Handler" daemon [_thread_blocked, id=11132, stack(0x00000000183e0000,0x00000000184e0000)]
  0x00000000023fe800 JavaThread "main" [_thread_blocked, id=612, stack(0x0000000002440000,0x0000000002540000)]

Other Threads:
  0x0000000017227000 VMThread [stack: 0x00000000182e0000,0x00000000183e0000] [id=6296]
  0x0000000018c0d000 WatcherThread [stack: 0x00000000190e0000,0x00000000191e0000] [id=6168]

VM state:not at safepoint (normal execution)

VM Mutex/Monitor currently owned by a thread: None

heap address: 0x0000000080000000, size: 2048 MB, Compressed Oops mode: 32-bit
Narrow klass base: 0x0000000000000000, Narrow klass shift: 3
Compressed class space size: 1073741824 Address: 0x0000000100000000

Heap:
 PSYoungGen      total 132096K, used 107008K [0x00000000d5580000, 0x00000000ddb80000, 0x0000000100000000)
  eden space 126976K, 84% used [0x00000000d5580000,0x00000000dbe00340,0x00000000dd180000)
  from space 5120K, 0% used [0x00000000dd180000,0x00000000dd180000,0x00000000dd680000)
  to   space 5120K, 0% used [0x00000000dd680000,0x00000000dd680000,0x00000000ddb80000)
 ParOldGen       total 93696K, used 16982K [0x0000000080000000, 0x0000000085b80000, 0x00000000d5580000)
  object space 93696K, 18% used [0x0000000080000000,0x0000000081095a38,0x0000000085b80000)
 Metaspace       used 44328K, capacity 45886K, committed 46000K, reserved 1089536K
  class space    used 5983K, capacity 6317K, committed 6320K, reserved 1048576K

Card table byte_map: [0x0000000011a00000,0x0000000011e10000] byte_map_base: 0x0000000011600000

Marking Bits: (ParMarkBitMap*) 0x000000005309f030
 Begin Bits: [0x00000000124c0000, 0x00000000144c0000)
 End Bits:   [0x00000000144c0000, 0x00000000164c0000)

Polling page: 0x0000000000b60000

CodeCache: size=245760Kb used=13119Kb max_used=13119Kb free=232640Kb
 bounds [0x0000000002640000, 0x0000000003320000, 0x0000000011640000]
 total_blobs=4591 nmethods=3848 adapters=655
 compilation: enabled

Compilation events (10 events):
Event: 7.400 Thread 0x0000000017272800 3921       3       sun.security.provider.SHA2::lf_delta0 (20 bytes)
Event: 7.400 Thread 0x0000000017272800 nmethod 3921 0x0000000003310050 code [0x00000000033101c0, 0x0000000003310430]
Event: 7.401 Thread 0x0000000017272800 3922       1       sun.security.provider.SHA2::lf_ch (10 bytes)
Event: 7.401 Thread 0x0000000017272800 nmethod 3922 0x0000000003310510 code [0x0000000003310660, 0x0000000003310750]
Event: 7.401 Thread 0x0000000017272800 3923       1       sun.security.provider.SHA2::lf_maj (12 bytes)
Event: 7.401 Thread 0x0000000017272800 nmethod 3923 0x0000000003310790 code [0x00000000033108e0, 0x00000000033109d0]
Event: 7.403 Thread 0x0000000017272800 3924       3       sun.security.provider.SHA2::implCompress0 (322 bytes)
Event: 7.404 Thread 0x0000000017272800 nmethod 3924 0x0000000003310a10 code [0x0000000003310c60, 0x0000000003311a10]
Event: 7.404 Thread 0x0000000017272800 3925       3       sun.security.provider.SHA2::implCompress (13 bytes)
Event: 7.405 Thread 0x0000000017272800 nmethod 3925 0x0000000003312890 code [0x0000000003312a20, 0x0000000003312da8]

GC Heap History (10 events):
Event: 3.388 GC heap before
{Heap before GC invocations=5 (full 0):
 PSYoungGen      total 132096K, used 20850K [0x00000000d5580000, 0x00000000ddb80000, 0x0000000100000000)
  eden space 126976K, 12% used [0x00000000d5580000,0x00000000d64df7d8,0x00000000dd180000)
  from space 5120K, 99% used [0x00000000dd680000,0x00000000ddb7d040,0x00000000ddb80000)
  to   space 5120K, 0% used [0x00000000dd180000,0x00000000dd180000,0x00000000dd680000)
 ParOldGen       total 84992K, used 10082K [0x0000000080000000, 0x0000000085300000, 0x00000000d5580000)
  object space 84992K, 11% used [0x0000000080000000,0x00000000809d8bd8,0x0000000085300000)
 Metaspace       used 20663K, capacity 21256K, committed 21296K, reserved 1067008K
  class space    used 2894K, capacity 3116K, committed 3120K, reserved 1048576K
Event: 3.395 GC heap after
Heap after GC invocations=5 (full 0):
 PSYoungGen      total 132096K, used 5108K [0x00000000d5580000, 0x00000000ddb80000, 0x0000000100000000)
  eden space 126976K, 0% used [0x00000000d5580000,0x00000000d5580000,0x00000000dd180000)
  from space 5120K, 99% used [0x00000000dd180000,0x00000000dd67d040,0x00000000dd680000)
  to   space 5120K, 0% used [0x00000000dd680000,0x00000000dd680000,0x00000000ddb80000)
 ParOldGen       total 84992K, used 11370K [0x0000000080000000, 0x0000000085300000, 0x00000000d5580000)
  object space 84992K, 13% used [0x0000000080000000,0x0000000080b1a898,0x0000000085300000)
 Metaspace       used 20663K, capacity 21256K, committed 21296K, reserved 1067008K
  class space    used 2894K, capacity 3116K, committed 3120K, reserved 1048576K
}
Event: 3.395 GC heap before
{Heap before GC invocations=6 (full 1):
 PSYoungGen      total 132096K, used 5108K [0x00000000d5580000, 0x00000000ddb80000, 0x0000000100000000)
  eden space 126976K, 0% used [0x00000000d5580000,0x00000000d5580000,0x00000000dd180000)
  from space 5120K, 99% used [0x00000000dd180000,0x00000000dd67d040,0x00000000dd680000)
  to   space 5120K, 0% used [0x00000000dd680000,0x00000000dd680000,0x00000000ddb80000)
 ParOldGen       total 84992K, used 11370K [0x0000000080000000, 0x0000000085300000, 0x00000000d5580000)
  object space 84992K, 13% used [0x0000000080000000,0x0000000080b1a898,0x0000000085300000)
 Metaspace       used 20663K, capacity 21256K, committed 21296K, reserved 1067008K
  class space    used 2894K, capacity 3116K, committed 3120K, reserved 1048576K
Event: 3.439 GC heap after
Heap after GC invocations=6 (full 1):
 PSYoungGen      total 132096K, used 0K [0x00000000d5580000, 0x00000000ddb80000, 0x0000000100000000)
  eden space 126976K, 0% used [0x00000000d5580000,0x00000000d5580000,0x00000000dd180000)
  from space 5120K, 0% used [0x00000000dd180000,0x00000000dd180000,0x00000000dd680000)
  to   space 5120K, 0% used [0x00000000dd680000,0x00000000dd680000,0x00000000ddb80000)
 ParOldGen       total 58880K, used 7736K [0x0000000080000000, 0x0000000083980000, 0x00000000d5580000)
  object space 58880K, 13% used [0x0000000080000000,0x000000008078e300,0x0000000083980000)
 Metaspace       used 20663K, capacity 21256K, committed 21296K, reserved 1067008K
  class space    used 2894K, capacity 3116K, committed 3120K, reserved 1048576K
}
Event: 4.881 GC heap before
{Heap before GC invocations=7 (full 1):
 PSYoungGen      total 132096K, used 126976K [0x00000000d5580000, 0x00000000ddb80000, 0x0000000100000000)
  eden space 126976K, 100% used [0x00000000d5580000,0x00000000dd180000,0x00000000dd180000)
  from space 5120K, 0% used [0x00000000dd180000,0x00000000dd180000,0x00000000dd680000)
  to   space 5120K, 0% used [0x00000000dd680000,0x00000000dd680000,0x00000000ddb80000)
 ParOldGen       total 58880K, used 7736K [0x0000000080000000, 0x0000000083980000, 0x00000000d5580000)
  object space 58880K, 13% used [0x0000000080000000,0x000000008078e300,0x0000000083980000)
 Metaspace       used 31915K, capacity 32684K, committed 32816K, reserved 1077248K
  class space    used 4342K, capacity 4574K, committed 4656K, reserved 1048576K
Event: 4.895 GC heap after
Heap after GC invocations=7 (full 1):
 PSYoungGen      total 132096K, used 5120K [0x00000000d5580000, 0x00000000ddb80000, 0x0000000100000000)
  eden space 126976K, 0% used [0x00000000d5580000,0x00000000d5580000,0x00000000dd180000)
  from space 5120K, 100% used [0x00000000dd680000,0x00000000ddb80000,0x00000000ddb80000)
  to   space 5120K, 0% used [0x00000000dd180000,0x00000000dd180000,0x00000000dd680000)
 ParOldGen       total 58880K, used 15721K [0x0000000080000000, 0x0000000083980000, 0x00000000d5580000)
  object space 58880K, 26% used [0x0000000080000000,0x0000000080f5a7f8,0x0000000083980000)
 Metaspace       used 31915K, capacity 32684K, committed 32816K, reserved 1077248K
  class space    used 4342K, capacity 4574K, committed 4656K, reserved 1048576K
}
Event: 5.427 GC heap before
{Heap before GC invocations=8 (full 1):
 PSYoungGen      total 132096K, used 59182K [0x00000000d5580000, 0x00000000ddb80000, 0x0000000100000000)
  eden space 126976K, 42% used [0x00000000d5580000,0x00000000d8a4b838,0x00000000dd180000)
  from space 5120K, 100% used [0x00000000dd680000,0x00000000ddb80000,0x00000000ddb80000)
  to   space 5120K, 0% used [0x00000000dd180000,0x00000000dd180000,0x00000000dd680000)
 ParOldGen       total 58880K, used 15721K [0x0000000080000000, 0x0000000083980000, 0x00000000d5580000)
  object space 58880K, 26% used [0x0000000080000000,0x0000000080f5a7f8,0x0000000083980000)
 Metaspace       used 34533K, capacity 35394K, committed 35496K, reserved 1079296K
  class space    used 4731K, capacity 4970K, committed 5040K, reserved 1048576K
Event: 5.441 GC heap after
Heap after GC invocations=8 (full 1):
 PSYoungGen      total 132096K, used 5120K [0x00000000d5580000, 0x00000000ddb80000, 0x0000000100000000)
  eden space 126976K, 0% used [0x00000000d5580000,0x00000000d5580000,0x00000000dd180000)
  from space 5120K, 100% used [0x00000000dd180000,0x00000000dd680000,0x00000000dd680000)
  to   space 5120K, 0% used [0x00000000dd680000,0x00000000dd680000,0x00000000ddb80000)
 ParOldGen       total 58880K, used 19109K [0x0000000080000000, 0x0000000083980000, 0x00000000d5580000)
  object space 58880K, 32% used [0x0000000080000000,0x00000000812a9608,0x0000000083980000)
 Metaspace       used 34533K, capacity 35394K, committed 35496K, reserved 1079296K
  class space    used 4731K, capacity 4970K, committed 5040K, reserved 1048576K
}
Event: 5.441 GC heap before
{Heap before GC invocations=9 (full 2):
 PSYoungGen      total 132096K, used 5120K [0x00000000d5580000, 0x00000000ddb80000, 0x0000000100000000)
  eden space 126976K, 0% used [0x00000000d5580000,0x00000000d5580000,0x00000000dd180000)
  from space 5120K, 100% used [0x00000000dd180000,0x00000000dd680000,0x00000000dd680000)
  to   space 5120K, 0% used [0x00000000dd680000,0x00000000dd680000,0x00000000ddb80000)
 ParOldGen       total 58880K, used 19109K [0x0000000080000000, 0x0000000083980000, 0x00000000d5580000)
  object space 58880K, 32% used [0x0000000080000000,0x00000000812a9608,0x0000000083980000)
 Metaspace       used 34533K, capacity 35394K, committed 35496K, reserved 1079296K
  class space    used 4731K, capacity 4970K, committed 5040K, reserved 1048576K
Event: 5.510 GC heap after
Heap after GC invocations=9 (full 2):
 PSYoungGen      total 132096K, used 0K [0x00000000d5580000, 0x00000000ddb80000, 0x0000000100000000)
  eden space 126976K, 0% used [0x00000000d5580000,0x00000000d5580000,0x00000000dd180000)
  from space 5120K, 0% used [0x00000000dd180000,0x00000000dd180000,0x00000000dd680000)
  to   space 5120K, 0% used [0x00000000dd680000,0x00000000dd680000,0x00000000ddb80000)
 ParOldGen       total 93696K, used 16982K [0x0000000080000000, 0x0000000085b80000, 0x00000000d5580000)
  object space 93696K, 18% used [0x0000000080000000,0x0000000081095a38,0x0000000085b80000)
 Metaspace       used 34533K, capacity 35394K, committed 35496K, reserved 1079296K
  class space    used 4731K, capacity 4970K, committed 5040K, reserved 1048576K
}

Deoptimization events (10 events):
Event: 6.598 Thread 0x000000001b089800 Uncommon trap: reason=unstable_if action=reinterpret pc=0x0000000002d1903c method=java.io.BufferedInputStream.read([BII)I @ 56
Event: 6.610 Thread 0x000000001b089800 Uncommon trap: reason=bimorphic action=maybe_recompile pc=0x0000000002fe16c0 method=java.util.AbstractCollection.addAll(Ljava/util/Collection;)Z @ 29
Event: 6.653 Thread 0x000000001b089800 Uncommon trap: reason=predicate action=maybe_recompile pc=0x00000000031fb2e8 method=java.util.Arrays.binarySearch0([Ljava/lang/Object;IILjava/lang/Object;Ljava/util/Comparator;)I @ 28
Event: 6.706 Thread 0x000000001b089800 Uncommon trap: reason=unstable_if action=reinterpret pc=0x0000000002db20f8 method=sun.misc.MetaIndex.mayContain(Ljava/lang/String;)Z @ 38
Event: 6.708 Thread 0x000000001b089800 Uncommon trap: reason=unstable_if action=reinterpret pc=0x00000000031bc808 method=java.security.CodeSource.hashCode()I @ 4
Event: 6.972 Thread 0x000000001b089800 Uncommon trap: reason=unstable_if action=reinterpret pc=0x0000000002f2aeb4 method=org.objectweb.asm.ByteVector.putUTF8(Ljava/lang/String;)Lorg/objectweb/asm/ByteVector; @ 93
Event: 7.311 Thread 0x000000001b089800 Uncommon trap: reason=unstable_if action=reinterpret pc=0x000000000304c800 method=java.util.jar.JarFile.maybeInstantiateVerifier()V @ 75
Event: 7.311 Thread 0x000000001b089800 Uncommon trap: reason=unstable_if action=reinterpret pc=0x00000000028ef888 method=java.util.jar.Manifest$FastInputStream.readLine([BII)I @ 87
Event: 7.311 Thread 0x000000001b089800 Uncommon trap: reason=unstable_if action=reinterpret pc=0x0000000002bfdf8c method=java.util.jar.Attributes$Name.isDigit(C)Z @ 3
Event: 7.362 Thread 0x000000001b089800 Uncommon trap: reason=unstable_if action=reinterpret pc=0x0000000002b65efc method=java.lang.CharacterDataLatin1.isWhitespace(I)Z @ 14

Classes redefined (0 events):
No events

Internal exceptions (10 events):
Event: 6.394 Thread 0x000000001b082800 Exception <a 'java/lang/NoSuchMethodError': <clinit>> (0x00000000d5780170) thrown at [C:\src\AOSP-openjdk-git\hotspot\src\share\vm\prims\jni.cpp, line 1615]
Event: 6.394 Thread 0x000000001b082800 Exception <a 'java/lang/NoSuchMethodError': <clinit>> (0x00000000d5781698) thrown at [C:\src\AOSP-openjdk-git\hotspot\src\share\vm\prims\jni.cpp, line 1615]
Event: 6.398 Thread 0x000000001b082800 Exception <a 'java/lang/NoSuchMethodError': <clinit>> (0x00000000d578b908) thrown at [C:\src\AOSP-openjdk-git\hotspot\src\share\vm\prims\jni.cpp, line 1615]
Event: 6.399 Thread 0x000000001b082800 Exception <a 'java/lang/NoSuchMethodError': <clinit>> (0x00000000d5796828) thrown at [C:\src\AOSP-openjdk-git\hotspot\src\share\vm\prims\jni.cpp, line 1615]
Event: 6.402 Thread 0x000000001b082800 Exception <a 'java/lang/NoSuchMethodError': <clinit>> (0x00000000d57a9c30) thrown at [C:\src\AOSP-openjdk-git\hotspot\src\share\vm\prims\jni.cpp, line 1615]
Event: 6.422 Thread 0x000000001b089800 Exception <a 'java/lang/ClassNotFoundException': build_cscmigbwann4olcm84079s54bBeanInfo> (0x00000000d7f7dcc8) thrown at [C:\src\AOSP-openjdk-git\hotspot\src\share\vm\classfile\systemDictionary.cpp, line 210]
Event: 6.422 Thread 0x000000001b089800 Exception <a 'java/lang/ClassNotFoundException': build_cscmigbwann4olcm84079s54bCustomizer> (0x00000000d7f8aed8) thrown at [C:\src\AOSP-openjdk-git\hotspot\src\share\vm\classfile\systemDictionary.cpp, line 210]
Event: 6.431 Thread 0x000000001b089800 Exception <a 'java/lang/ClassNotFoundException': org/gradle/api/internal/plugins/DefaultObjectConfigurationActionBeanInfo> (0x00000000d8005b98) thrown at [C:\src\AOSP-openjdk-git\hotspot\src\share\vm\classfile\systemDictionary.cpp, line 210]
Event: 6.433 Thread 0x000000001b089800 Exception <a 'java/lang/ClassNotFoundException': org/gradle/api/internal/plugins/DefaultObjectConfigurationActionCustomizer> (0x00000000d804ad68) thrown at [C:\src\AOSP-openjdk-git\hotspot\src\share\vm\classfile\systemDictionary.cpp, line 210]
Event: 6.707 Thread 0x000000001b089800 Implicit null exception at 0x00000000031b3bca to 0x00000000031bc7ad

Events (10 events):
Event: 7.378 loading class sun/security/provider/DSA$SHA1withDSA done
Event: 7.379 loading class java/math/SignedMutableBigInteger
Event: 7.379 loading class java/math/SignedMutableBigInteger done
Event: 7.408 loading class java/util/Base64
Event: 7.408 loading class java/util/Base64 done
Event: 7.408 loading class java/util/Base64$Decoder
Event: 7.409 loading class java/util/Base64$Decoder done
Event: 7.409 loading class java/util/Base64$Encoder
Event: 7.409 loading class java/util/Base64$Encoder done
Event: 7.409 loading class sun/nio/cs/ISO_8859_1$Encoder


Dynamic libraries:
0x00007ff634b20000 - 0x00007ff634b51000 	C:\Program Files\Android\Android Studio\jre\bin\java.exe
0x00007ffa71220000 - 0x00007ffa7140d000 	C:\WINDOWS\SYSTEM32\ntdll.dll
0x00007ffa70f20000 - 0x00007ffa70fd3000 	C:\WINDOWS\System32\KERNEL32.DLL
0x00007ffa6dfe0000 - 0x00007ffa6e274000 	C:\WINDOWS\System32\KERNELBASE.dll
0x00007ffa6b570000 - 0x00007ffa6b5fc000 	C:\WINDOWS\SYSTEM32\apphelp.dll
0x00007ffa70fe0000 - 0x00007ffa71083000 	C:\WINDOWS\System32\ADVAPI32.dll
0x00007ffa6f640000 - 0x00007ffa6f6de000 	C:\WINDOWS\System32\msvcrt.dll
0x00007ffa6e4a0000 - 0x00007ffa6e53e000 	C:\WINDOWS\System32\sechost.dll
0x00007ffa6e540000 - 0x00007ffa6e662000 	C:\WINDOWS\System32\RPCRT4.dll
0x00007ffa6f060000 - 0x00007ffa6f1f7000 	C:\WINDOWS\System32\USER32.dll
0x00007ffa6e280000 - 0x00007ffa6e2a0000 	C:\WINDOWS\System32\win32u.dll
0x00007ffa71090000 - 0x00007ffa710b9000 	C:\WINDOWS\System32\GDI32.dll
0x00007ffa6de10000 - 0x00007ffa6dfac000 	C:\WINDOWS\System32\gdi32full.dll
0x00007ffa6e3a0000 - 0x00007ffa6e440000 	C:\WINDOWS\System32\msvcp_win.dll
0x00007ffa6e2a0000 - 0x00007ffa6e39a000 	C:\WINDOWS\System32\ucrtbase.dll
0x00007ffa5ce70000 - 0x00007ffa5d0e9000 	C:\WINDOWS\WinSxS\amd64_microsoft.windows.common-controls_6595b64144ccf1df_6.0.17763.1457_none_de7243e4534a70d1\COMCTL32.dll
0x00007ffa6ed30000 - 0x00007ffa6f05d000 	C:\WINDOWS\System32\combase.dll
0x00007ffa6d330000 - 0x00007ffa6d3ae000 	C:\WINDOWS\System32\bcryptPrimitives.dll
0x00007ffa70e10000 - 0x00007ffa70e3e000 	C:\WINDOWS\System32\IMM32.DLL
0x0000000052710000 - 0x00000000527e2000 	C:\Program Files\Android\Android Studio\jre\jre\bin\msvcr100.dll
0x00000000528d0000 - 0x000000005311b000 	C:\Program Files\Android\Android Studio\jre\jre\bin\server\jvm.dll
0x00007ffa70d60000 - 0x00007ffa70d68000 	C:\WINDOWS\System32\PSAPI.DLL
0x00007ffa48b50000 - 0x00007ffa48b59000 	C:\WINDOWS\SYSTEM32\WSOCK32.dll
0x00007ffa6af60000 - 0x00007ffa6af84000 	C:\WINDOWS\SYSTEM32\WINMM.dll
0x00007ffa68c00000 - 0x00007ffa68c0a000 	C:\WINDOWS\SYSTEM32\VERSION.dll
0x00007ffa70da0000 - 0x00007ffa70e0d000 	C:\WINDOWS\System32\WS2_32.dll
0x00007ffa6af00000 - 0x00007ffa6af2d000 	C:\WINDOWS\SYSTEM32\winmmbase.dll
0x00007ffa6ddc0000 - 0x00007ffa6de0a000 	C:\WINDOWS\System32\cfgmgr32.dll
0x00007ffa600a0000 - 0x00007ffa600af000 	C:\Program Files\Android\Android Studio\jre\jre\bin\verify.dll
0x00007ffa54940000 - 0x00007ffa54969000 	C:\Program Files\Android\Android Studio\jre\jre\bin\java.dll
0x00007ffa5fab0000 - 0x00007ffa5fac6000 	C:\Program Files\Android\Android Studio\jre\jre\bin\zip.dll
0x00007ffa6f860000 - 0x00007ffa70d59000 	C:\WINDOWS\System32\SHELL32.dll
0x00007ffa6f6e0000 - 0x00007ffa6f789000 	C:\WINDOWS\System32\shcore.dll
0x00007ffa6d5b0000 - 0x00007ffa6dd02000 	C:\WINDOWS\System32\windows.storage.dll
0x00007ffa6d300000 - 0x00007ffa6d324000 	C:\WINDOWS\System32\profapi.dll
0x00007ffa6d260000 - 0x00007ffa6d2bd000 	C:\WINDOWS\System32\powrprof.dll
0x00007ffa70ec0000 - 0x00007ffa70f12000 	C:\WINDOWS\System32\shlwapi.dll
0x00007ffa6d2c0000 - 0x00007ffa6d2d1000 	C:\WINDOWS\System32\kernel.appcore.dll
0x00007ffa6d3b0000 - 0x00007ffa6d3c7000 	C:\WINDOWS\System32\cryptsp.dll
0x00007ffa54920000 - 0x00007ffa5493a000 	C:\Program Files\Android\Android Studio\jre\jre\bin\net.dll
0x00007ffa6ca60000 - 0x00007ffa6cac7000 	C:\WINDOWS\system32\mswsock.dll
0x00007ffa54900000 - 0x00007ffa54913000 	C:\Program Files\Android\Android Studio\jre\jre\bin\nio.dll
0x00007ffa68bd0000 - 0x00007ffa68bf6000 	C:\Users\ZinPaingOo\.gradle\native\31\windows-amd64\native-platform.dll
0x00007ffa60090000 - 0x00007ffa6009d000 	C:\Program Files\Android\Android Studio\jre\jre\bin\management.dll
0x00007ffa6c5e0000 - 0x00007ffa6c613000 	C:\WINDOWS\system32\rsaenh.dll
0x00007ffa6dfb0000 - 0x00007ffa6dfd6000 	C:\WINDOWS\System32\bcrypt.dll
0x00007ffa6d190000 - 0x00007ffa6d1b8000 	C:\WINDOWS\SYSTEM32\USERENV.dll
0x00007ffa6cc30000 - 0x00007ffa6cc3c000 	C:\WINDOWS\SYSTEM32\CRYPTBASE.dll
0x00007ffa6c780000 - 0x00007ffa6c7bd000 	C:\WINDOWS\SYSTEM32\IPHLPAPI.DLL
0x00007ffa6e820000 - 0x00007ffa6e828000 	C:\WINDOWS\System32\NSI.dll
0x00007ffa664f0000 - 0x00007ffa66506000 	C:\WINDOWS\SYSTEM32\dhcpcsvc6.DLL
0x00007ffa663f0000 - 0x00007ffa6640c000 	C:\WINDOWS\SYSTEM32\dhcpcsvc.DLL
0x00007ffa6c7c0000 - 0x00007ffa6c887000 	C:\WINDOWS\SYSTEM32\DNSAPI.dll

VM Arguments:
jvm_args: -Xmx2048m -Dfile.encoding=windows-1252 -Duser.country=US -Duser.language=en -Duser.variant 
java_command: org.gradle.launcher.daemon.bootstrap.GradleDaemon 6.1.1
java_class_path (initial): C:\Users\ZinPaingOo\.gradle\wrapper\dists\gradle-6.1.1-all\cfmwm155h49vnt3hynmlrsdst\gradle-6.1.1\lib\gradle-launcher-6.1.1.jar
Launcher Type: SUN_STANDARD

Environment Variables:
JAVA_HOME=C:\Program Files\Java\jdk1.8.0_231
PATH=C:\Program Files (x86)\Common Files\Oracle\Java\javapath;C:\WINDOWS\system32;C:\WINDOWS;C:\WINDOWS\System32\Wbem;C:\WINDOWS\System32\WindowsPowerShell\v1.0\;C:\WINDOWS\System32\OpenSSH\;C:\Program Files\Git\cmd;C:\Program Files (x86)\node-v12.14.1-win-x64;C:\Program Files\nodejs\;D:\sdk\platform-tools\adb;C:\Users\ZinPaingOo\AppData\Local\Programs\Python\Python37\Scripts\;C:\Users\ZinPaingOo\AppData\Local\Programs\Python\Python37\;C:\Users\ZinPaingOo\AppData\Local\Microsoft\WindowsApps;C:\Users\ZinPaingOo\AppData\Local\Programs\Microsoft VS Code\bin;C:\Users\ZinPaingOo\AppData\Roaming\npm;D:\android_sdk\tools;D:\android_sdk\platform-tools;C:\Program Files\Java\jdk1.8.0_231\bin;C:\src\flutter\flutter\bin;C:\Program Files\Git\bin\;C:\Program Files\Git\cmd\;C:\Users\ZinPaingOo\AppData\Local\GitHubDesktop\bin
USERNAME=ZinPaingOo
OS=Windows_NT
PROCESSOR_IDENTIFIER=Intel64 Family 6 Model 78 Stepping 3, GenuineIntel



---------------  S Y S T E M  ---------------

OS: Windows 10.0 , 64 bit Build 17763 (10.0.17763.475)

CPU:total 4 (initial active 4) (2 cores per cpu, 2 threads per core) family 6 model 78 stepping 3, cmov, cx8, fxsr, mmx, sse, sse2, sse3, ssse3, sse4.1, sse4.2, popcnt, avx, avx2, aes, clmul, erms, 3dnowpref, lzcnt, ht, tsc, tscinvbit, bmi1, bmi2, adx

Memory: 4k page, physical 8082920k(1453512k free), swap 11154920k(5796k free)

vm_info: OpenJDK 64-Bit Server VM (25.242-b01) for windows-amd64 JRE (1.8.0_242-release-1644-b01), built by "builder" with MS VC++ 10.0 (VS2010)

time: Tue Sep 15 12:08:07 2020
timezone: Myanmar Standard Time
elapsed time: 7 seconds (0d 0h 0m 7s)

