#
# There is insufficient memory for the Java Runtime Environment to continue.
# Native memory allocation (malloc) failed to allocate 333888 bytes for Chunk::new
# Possible reasons:
#   The system is out of physical RAM or swap space
#   The process is running with CompressedOops enabled, and the Java Heap may be blocking the growth of the native heap
# Possible solutions:
#   Reduce memory load on the system
#   Increase physical memory or swap space
#   Check if swap backing store is full
#   Decrease Java heap size (-Xmx/-Xms)
#   Decrease number of Java threads
#   Decrease Java thread stack sizes (-Xss)
#   Set larger code cache with -XX:ReservedCodeCacheSize=
#   JVM is running with Unscaled Compressed Oops mode in which the Java heap is
#     placed in the first 4GB address space. The Java Heap base address is the
#     maximum limit for the native heap growth. Please use -XX:HeapBaseMinAddress
#     to set the Java Heap base and to place the Java Heap above 4GB virtual address.
# This output file may be truncated or incomplete.
#
#  Out of Memory Error (allocation.cpp:389), pid=7220, tid=0x00000000000005e4
#
# JRE version: OpenJDK Runtime Environment (8.0_242-b01) (build 1.8.0_242-release-1644-b01)
# Java VM: OpenJDK 64-Bit Server VM (25.242-b01 mixed mode windows-amd64 compressed oops)
# Failed to write core dump. Minidumps are not enabled by default on client versions of Windows
#

---------------  T H R E A D  ---------------

Current thread (0x0000000017355000):  JavaThread "C2 CompilerThread0" daemon [_thread_in_native, id=1508, stack(0x00000000189b0000,0x0000000018ab0000)]

Stack: [0x00000000189b0000,0x0000000018ab0000]
[error occurred during error reporting (printing stack bounds), id 0xc0000005]

Native frames: (J=compiled Java code, j=interpreted, Vv=VM code, C=native code)


Current CompileTask:
C2:   8155 3843       4       sun.net.www.protocol.jar.Handler::parseURL (223 bytes)


---------------  P R O C E S S  ---------------

Java Threads: ( => current thread )
  0x000000001b9be000 JavaThread "Cache worker for Build Output Cleanup Cache (C:\Users\ZinPaingOo\AndroidStudioProjects\Notes\.gradle\buildOutputCleanup)" [_thread_blocked, id=4268, stack(0x0000000022670000,0x0000000022770000)]
  0x000000001b9bc800 JavaThread "Build operations Thread 4" [_thread_blocked, id=2080, stack(0x0000000022370000,0x0000000022470000)]
  0x000000001b9bd000 JavaThread "Build operations Thread 3" [_thread_blocked, id=10608, stack(0x0000000022270000,0x0000000022370000)]
  0x000000001b9bb800 JavaThread "Build operations Thread 2" [_thread_blocked, id=8388, stack(0x0000000022170000,0x0000000022270000)]
  0x000000001b9ba000 JavaThread "Build operations" [_thread_blocked, id=9764, stack(0x0000000022070000,0x0000000022170000)]
  0x000000001b092000 JavaThread "Cache worker for execution history cache (C:\Users\ZinPaingOo\.gradle\caches\6.1.1\executionHistory)" [_thread_blocked, id=2664, stack(0x0000000020f30000,0x0000000021030000)]
  0x000000001b08f000 JavaThread "Cache worker for cache directory md-rule (C:\Users\ZinPaingOo\.gradle\caches\6.1.1\md-rule)" [_thread_blocked, id=7032, stack(0x0000000020e30000,0x0000000020f30000)]
  0x000000001b091800 JavaThread "Cache worker for cache directory md-supplier (C:\Users\ZinPaingOo\.gradle\caches\6.1.1\md-supplier)" [_thread_blocked, id=2732, stack(0x000000001fa80000,0x000000001fb80000)]
  0x000000001b095000 JavaThread "Cache worker for file hash cache (C:\Users\ZinPaingOo\AndroidStudioProjects\Notes\.gradle\6.1.1\fileHashes)" [_thread_blocked, id=9956, stack(0x000000001f980000,0x000000001fa80000)]
  0x000000001b090800 JavaThread "Cache worker for checksums cache (C:\Users\ZinPaingOo\AndroidStudioProjects\Notes\.gradle\checksums)" [_thread_blocked, id=6460, stack(0x000000001e2a0000,0x000000001e3a0000)]
  0x000000001b094800 JavaThread "Cache worker for file hash cache (C:\Users\ZinPaingOo\.gradle\caches\6.1.1\fileHashes)" [_thread_blocked, id=7152, stack(0x000000001d0d0000,0x000000001d1d0000)]
  0x000000001b090000 JavaThread "File lock request listener" [_thread_in_native, id=1988, stack(0x000000001cfd0000,0x000000001d0d0000)]
  0x000000001b0c8800 JavaThread "Cache worker for journal cache (C:\Users\ZinPaingOo\.gradle\caches\journal-1)" [_thread_blocked, id=2496, stack(0x000000001ced0000,0x000000001cfd0000)]
  0x000000001af32000 JavaThread "Thread-9" [_thread_blocked, id=6972, stack(0x000000001cbd0000,0x000000001ccd0000)]
  0x000000001af33800 JavaThread "Stdin handler" [_thread_blocked, id=11064, stack(0x000000001cad0000,0x000000001cbd0000)]
  0x000000001942f000 JavaThread "Asynchronous log dispatcher for DefaultDaemonConnection: socket connection from /127.0.0.1:53113 to /127.0.0.1:53114" [_thread_blocked, id=4852, stack(0x000000001c9d0000,0x000000001cad0000)]
  0x000000001af3c800 JavaThread "Daemon worker" [_thread_in_vm, id=1532, stack(0x000000001c8d0000,0x000000001c9d0000)]
  0x000000001af05800 JavaThread "Cancel handler" [_thread_blocked, id=5768, stack(0x000000001c7d0000,0x000000001c8d0000)]
  0x0000000019389000 JavaThread "Handler for socket connection from /127.0.0.1:53113 to /127.0.0.1:53114" [_thread_in_native, id=7984, stack(0x000000001c4d0000,0x000000001c5d0000)]
  0x0000000019388800 JavaThread "Daemon" [_thread_blocked, id=9252, stack(0x000000001c3d0000,0x000000001c4d0000)]
  0x000000001af1b000 JavaThread "Daemon periodic checks" [_thread_blocked, id=396, stack(0x000000001c2d0000,0x000000001c3d0000)]
  0x000000001ae51000 JavaThread "Incoming local TCP Connector on port 53113" [_thread_in_native, id=7528, stack(0x000000001c090000,0x000000001c190000)]
  0x000000001ae11800 JavaThread "Daemon health stats" [_thread_blocked, id=9768, stack(0x000000001ba50000,0x000000001bb50000)]
  0x0000000018ce0800 JavaThread "Service Thread" daemon [_thread_blocked, id=11164, stack(0x00000000190b0000,0x00000000191b0000)]
  0x0000000017369800 JavaThread "C1 CompilerThread2" daemon [_thread_in_native, id=3888, stack(0x0000000018bb0000,0x0000000018cb0000)]
  0x0000000017363800 JavaThread "C2 CompilerThread1" daemon [_thread_in_native_trans, id=1020, stack(0x0000000018ab0000,0x0000000018bb0000)]
=>0x0000000017355000 JavaThread "C2 CompilerThread0" daemon [_thread_in_native, id=1508, stack(0x00000000189b0000,0x0000000018ab0000)]
  0x0000000017353800 JavaThread "Attach Listener" daemon [_thread_blocked, id=4936, stack(0x00000000188b0000,0x00000000189b0000)]
  0x0000000017352800 JavaThread "Signal Dispatcher" daemon [_thread_blocked, id=6768, stack(0x00000000187b0000,0x00000000188b0000)]
  0x00000000026fb800 JavaThread "Finalizer" daemon [_thread_blocked, id=7536, stack(0x00000000185b0000,0x00000000186b0000)]
  0x0000000017339000 JavaThread "Reference Handler" daemon [_thread_blocked, id=6428, stack(0x00000000184b0000,0x00000000185b0000)]
  0x000000000088e800 JavaThread "main" [_thread_blocked, id=9192, stack(0x0000000002500000,0x0000000002600000)]

Other Threads:
  0x0000000017318000 VMThread [stack: 0x00000000183b0000,0x00000000184b0000] [id=8276]
  0x00000000173ac000 WatcherThread [stack: 0x00000000191b0000,0x00000000192b0000] [id=1724]

VM state:not at safepoint (normal execution)

VM Mutex/Monitor currently owned by a thread: None

heap address: 0x0000000080000000, size: 2048 MB, Compressed Oops mode: 32-bit
Narrow klass base: 0x0000000000000000, Narrow klass shift: 3
Compressed class space size: 1073741824 Address: 0x0000000100000000

Heap:
 PSYoungGen      total 134144K, used 108853K [0x00000000d5580000, 0x00000000dfd80000, 0x0000000100000000)
  eden space 121344K, 89% used [0x00000000d5580000,0x00000000dbfcd6e0,0x00000000dcc00000)
  from space 12800K, 0% used [0x00000000df100000,0x00000000df100000,0x00000000dfd80000)
  to   space 11264K, 0% used [0x00000000dcc00000,0x00000000dcc00000,0x00000000dd700000)
 ParOldGen       total 78336K, used 14057K [0x0000000080000000, 0x0000000084c80000, 0x00000000d5580000)
  object space 78336K, 17% used [0x0000000080000000,0x0000000080dba798,0x0000000084c80000)
 Metaspace       used 44127K, capacity 45626K, committed 45744K, reserved 1089536K
  class space    used 5962K, capacity 6317K, committed 6320K, reserved 1048576K

Card table byte_map: [0x0000000011ac0000,0x0000000011ed0000] byte_map_base: 0x00000000116c0000

Marking Bits: (ParMarkBitMap*) 0x000000005309f030
 Begin Bits: [0x0000000012580000, 0x0000000014580000)
 End Bits:   [0x0000000014580000, 0x0000000016580000)

Polling page: 0x00000000008e0000

CodeCache: size=245760Kb used=13006Kb max_used=13009Kb free=232753Kb
 bounds [0x0000000002700000, 0x00000000033c0000, 0x0000000011700000]
 total_blobs=4436 nmethods=3695 adapters=654
 compilation: enabled

Compilation events (10 events):
Event: 8.147 Thread 0x0000000017369800 3897       3       java.io.ByteArrayInputStream::<init> (26 bytes)
Event: 8.147 Thread 0x0000000017369800 nmethod 3897 0x00000000033b1fd0 code [0x00000000033b2140, 0x00000000033b2390]
Event: 8.148 Thread 0x0000000017363800 nmethod 3889 0x00000000033ba990 code [0x00000000033bab20, 0x00000000033bb138]
Event: 8.148 Thread 0x0000000017363800 3890   !   4       java.util.jar.Attributes::read (380 bytes)
Event: 8.150 Thread 0x0000000017369800 3898  s    3       java.io.ByteArrayOutputStream::write (66 bytes)
Event: 8.150 Thread 0x0000000017369800 nmethod 3898 0x00000000033b1590 code [0x00000000033b1740, 0x00000000033b1da8]
Event: 8.151 Thread 0x0000000017369800 3899  s    3       java.io.ByteArrayInputStream::skip (43 bytes)
Event: 8.151 Thread 0x0000000017369800 nmethod 3899 0x00000000033b1010 code [0x00000000033b1180, 0x00000000033b14f0]
Event: 8.152 Thread 0x0000000017369800 3900       3       java.io.InputStream::read (9 bytes)
Event: 8.152 Thread 0x0000000017369800 nmethod 3900 0x00000000033b0bd0 code [0x00000000033b0d40, 0x00000000033b0f68]

GC Heap History (10 events):
Event: 3.711 GC heap before
{Heap before GC invocations=8 (full 1):
 PSYoungGen      total 73216K, used 4747K [0x00000000d5580000, 0x00000000de480000, 0x0000000100000000)
  eden space 62464K, 0% used [0x00000000d5580000,0x00000000d5580000,0x00000000d9280000)
  from space 10752K, 44% used [0x00000000d9280000,0x00000000d9722e08,0x00000000d9d00000)
  to   space 10752K, 0% used [0x00000000dda00000,0x00000000dda00000,0x00000000de480000)
 ParOldGen       total 84992K, used 8190K [0x0000000080000000, 0x0000000085300000, 0x00000000d5580000)
  object space 84992K, 9% used [0x0000000080000000,0x00000000807ff828,0x0000000085300000)
 Metaspace       used 20660K, capacity 21252K, committed 21296K, reserved 1067008K
  class space    used 2896K, capacity 3116K, committed 3120K, reserved 1048576K
Event: 3.756 GC heap after
Heap after GC invocations=8 (full 1):
 PSYoungGen      total 73216K, used 0K [0x00000000d5580000, 0x00000000de480000, 0x0000000100000000)
  eden space 62464K, 0% used [0x00000000d5580000,0x00000000d5580000,0x00000000d9280000)
  from space 10752K, 0% used [0x00000000d9280000,0x00000000d9280000,0x00000000d9d00000)
  to   space 10752K, 0% used [0x00000000dda00000,0x00000000dda00000,0x00000000de480000)
 ParOldGen       total 52736K, used 7467K [0x0000000080000000, 0x0000000083380000, 0x00000000d5580000)
  object space 52736K, 14% used [0x0000000080000000,0x000000008074ae20,0x0000000083380000)
 Metaspace       used 20660K, capacity 21252K, committed 21296K, reserved 1067008K
  class space    used 2896K, capacity 3116K, committed 3120K, reserved 1048576K
}
Event: 4.569 GC heap before
{Heap before GC invocations=9 (full 1):
 PSYoungGen      total 73216K, used 62464K [0x00000000d5580000, 0x00000000de480000, 0x0000000100000000)
  eden space 62464K, 100% used [0x00000000d5580000,0x00000000d9280000,0x00000000d9280000)
  from space 10752K, 0% used [0x00000000d9280000,0x00000000d9280000,0x00000000d9d00000)
  to   space 10752K, 0% used [0x00000000dda00000,0x00000000dda00000,0x00000000de480000)
 ParOldGen       total 52736K, used 7467K [0x0000000080000000, 0x0000000083380000, 0x00000000d5580000)
  object space 52736K, 14% used [0x0000000080000000,0x000000008074ae20,0x0000000083380000)
 Metaspace       used 28183K, capacity 28844K, committed 28976K, reserved 1075200K
  class space    used 3885K, capacity 4127K, committed 4144K, reserved 1048576K
Event: 4.580 GC heap after
Heap after GC invocations=9 (full 1):
 PSYoungGen      total 113152K, used 8077K [0x00000000d5580000, 0x00000000de200000, 0x0000000100000000)
  eden space 104960K, 0% used [0x00000000d5580000,0x00000000d5580000,0x00000000dbc00000)
  from space 8192K, 98% used [0x00000000dda00000,0x00000000de1e3730,0x00000000de200000)
  to   space 11264K, 0% used [0x00000000dcc00000,0x00000000dcc00000,0x00000000dd700000)
 ParOldGen       total 52736K, used 7475K [0x0000000080000000, 0x0000000083380000, 0x00000000d5580000)
  object space 52736K, 14% used [0x0000000080000000,0x000000008074ce20,0x0000000083380000)
 Metaspace       used 28183K, capacity 28844K, committed 28976K, reserved 1075200K
  class space    used 3885K, capacity 4127K, committed 4144K, reserved 1048576K
}
Event: 5.784 GC heap before
{Heap before GC invocations=10 (full 1):
 PSYoungGen      total 113152K, used 113037K [0x00000000d5580000, 0x00000000de200000, 0x0000000100000000)
  eden space 104960K, 100% used [0x00000000d5580000,0x00000000dbc00000,0x00000000dbc00000)
  from space 8192K, 98% used [0x00000000dda00000,0x00000000de1e3730,0x00000000de200000)
  to   space 11264K, 0% used [0x00000000dcc00000,0x00000000dcc00000,0x00000000dd700000)
 ParOldGen       total 52736K, used 7475K [0x0000000080000000, 0x0000000083380000, 0x00000000d5580000)
  object space 52736K, 14% used [0x0000000080000000,0x000000008074ce20,0x0000000083380000)
 Metaspace       used 34080K, capacity 34938K, committed 35120K, reserved 1079296K
  class space    used 4667K, capacity 4892K, committed 4912K, reserved 1048576K
Event: 5.804 GC heap after
Heap after GC invocations=10 (full 1):
 PSYoungGen      total 132608K, used 11239K [0x00000000d5580000, 0x00000000dfd80000, 0x0000000100000000)
  eden space 121344K, 0% used [0x00000000d5580000,0x00000000d5580000,0x00000000dcc00000)
  from space 11264K, 99% used [0x00000000dcc00000,0x00000000dd6f9d20,0x00000000dd700000)
  to   space 12800K, 0% used [0x00000000df100000,0x00000000df100000,0x00000000dfd80000)
 ParOldGen       total 52736K, used 7645K [0x0000000080000000, 0x0000000083380000, 0x00000000d5580000)
  object space 52736K, 14% used [0x0000000080000000,0x00000000807776a0,0x0000000083380000)
 Metaspace       used 34080K, capacity 34938K, committed 35120K, reserved 1079296K
  class space    used 4667K, capacity 4892K, committed 4912K, reserved 1048576K
}
Event: 5.867 GC heap before
{Heap before GC invocations=11 (full 1):
 PSYoungGen      total 132608K, used 20388K [0x00000000d5580000, 0x00000000dfd80000, 0x0000000100000000)
  eden space 121344K, 7% used [0x00000000d5580000,0x00000000d5e6f360,0x00000000dcc00000)
  from space 11264K, 99% used [0x00000000dcc00000,0x00000000dd6f9d20,0x00000000dd700000)
  to   space 12800K, 0% used [0x00000000df100000,0x00000000df100000,0x00000000dfd80000)
 ParOldGen       total 52736K, used 7645K [0x0000000080000000, 0x0000000083380000, 0x00000000d5580000)
  object space 52736K, 14% used [0x0000000080000000,0x00000000807776a0,0x0000000083380000)
 Metaspace       used 34455K, capacity 35334K, committed 35496K, reserved 1079296K
  class space    used 4717K, capacity 4934K, committed 5040K, reserved 1048576K
Event: 5.883 GC heap after
Heap after GC invocations=11 (full 1):
 PSYoungGen      total 134144K, used 4017K [0x00000000d5580000, 0x00000000dfd80000, 0x0000000100000000)
  eden space 121344K, 0% used [0x00000000d5580000,0x00000000d5580000,0x00000000dcc00000)
  from space 12800K, 31% used [0x00000000df100000,0x00000000df4ec750,0x00000000dfd80000)
  to   space 11264K, 0% used [0x00000000dcc00000,0x00000000dcc00000,0x00000000dd700000)
 ParOldGen       total 52736K, used 10865K [0x0000000080000000, 0x0000000083380000, 0x00000000d5580000)
  object space 52736K, 20% used [0x0000000080000000,0x0000000080a9c6b8,0x0000000083380000)
 Metaspace       used 34455K, capacity 35334K, committed 35496K, reserved 1079296K
  class space    used 4717K, capacity 4934K, committed 5040K, reserved 1048576K
}
Event: 5.883 GC heap before
{Heap before GC invocations=12 (full 2):
 PSYoungGen      total 134144K, used 4017K [0x00000000d5580000, 0x00000000dfd80000, 0x0000000100000000)
  eden space 121344K, 0% used [0x00000000d5580000,0x00000000d5580000,0x00000000dcc00000)
  from space 12800K, 31% used [0x00000000df100000,0x00000000df4ec750,0x00000000dfd80000)
  to   space 11264K, 0% used [0x00000000dcc00000,0x00000000dcc00000,0x00000000dd700000)
 ParOldGen       total 52736K, used 10865K [0x0000000080000000, 0x0000000083380000, 0x00000000d5580000)
  object space 52736K, 20% used [0x0000000080000000,0x0000000080a9c6b8,0x0000000083380000)
 Metaspace       used 34455K, capacity 35334K, committed 35496K, reserved 1079296K
  class space    used 4717K, capacity 4934K, committed 5040K, reserved 1048576K
Event: 6.101 GC heap after
Heap after GC invocations=12 (full 2):
 PSYoungGen      total 134144K, used 0K [0x00000000d5580000, 0x00000000dfd80000, 0x0000000100000000)
  eden space 121344K, 0% used [0x00000000d5580000,0x00000000d5580000,0x00000000dcc00000)
  from space 12800K, 0% used [0x00000000df100000,0x00000000df100000,0x00000000dfd80000)
  to   space 11264K, 0% used [0x00000000dcc00000,0x00000000dcc00000,0x00000000dd700000)
 ParOldGen       total 78336K, used 14057K [0x0000000080000000, 0x0000000084c80000, 0x00000000d5580000)
  object space 78336K, 17% used [0x0000000080000000,0x0000000080dba798,0x0000000084c80000)
 Metaspace       used 34455K, capacity 35334K, committed 35496K, reserved 1079296K
  class space    used 4717K, capacity 4934K, committed 5040K, reserved 1048576K
}

Deoptimization events (10 events):
Event: 7.420 Thread 0x000000001af3c800 Uncommon trap: reason=bimorphic action=maybe_recompile pc=0x00000000030dae3c method=java.util.AbstractCollection.addAll(Ljava/util/Collection;)Z @ 29
Event: 7.486 Thread 0x000000001af3c800 Uncommon trap: reason=unstable_if action=reinterpret pc=0x0000000002eab95c method=sun.misc.MetaIndex.mayContain(Ljava/lang/String;)Z @ 38
Event: 7.807 Thread 0x000000001af3c800 Uncommon trap: reason=unstable_if action=reinterpret pc=0x0000000003056df4 method=org.objectweb.asm.ByteVector.putUTF8(Ljava/lang/String;)Lorg/objectweb/asm/ByteVector; @ 93
Event: 8.093 Thread 0x000000001af3c800 Uncommon trap: reason=unstable_if action=reinterpret pc=0x0000000003138f34 method=java.util.jar.JarFile.maybeInstantiateVerifier()V @ 75
Event: 8.094 Thread 0x000000001af3c800 Uncommon trap: reason=unstable_if action=reinterpret pc=0x00000000029bc548 method=java.util.jar.Manifest$FastInputStream.readLine([BII)I @ 87
Event: 8.094 Thread 0x000000001af3c800 Uncommon trap: reason=unstable_if action=reinterpret pc=0x0000000002cc8a0c method=java.util.jar.Attributes$Name.isDigit(C)Z @ 3
Event: 8.131 Thread 0x000000001af3c800 Uncommon trap: reason=speculate_class_check action=maybe_recompile pc=0x0000000003398d18 method=java.util.HashMap.putVal(ILjava/lang/Object;Ljava/lang/Object;ZZ)Ljava/lang/Object; @ 56
Event: 8.131 Thread 0x000000001af3c800 Uncommon trap: reason=speculate_class_check action=maybe_recompile pc=0x0000000003398d18 method=java.util.HashMap.putVal(ILjava/lang/Object;Ljava/lang/Object;ZZ)Ljava/lang/Object; @ 56
Event: 8.131 Thread 0x000000001af3c800 Uncommon trap: reason=speculate_class_check action=maybe_recompile pc=0x0000000003398d18 method=java.util.HashMap.putVal(ILjava/lang/Object;Ljava/lang/Object;ZZ)Ljava/lang/Object; @ 56
Event: 8.131 Thread 0x000000001af3c800 Uncommon trap: reason=speculate_class_check action=maybe_recompile pc=0x0000000003398d18 method=java.util.HashMap.putVal(ILjava/lang/Object;Ljava/lang/Object;ZZ)Ljava/lang/Object; @ 56

Classes redefined (0 events):
No events

Internal exceptions (10 events):
Event: 7.196 Thread 0x000000001af32000 Exception <a 'java/lang/NoSuchMethodError': <clinit>> (0x00000000d57c9d30) thrown at [C:\src\AOSP-openjdk-git\hotspot\src\share\vm\prims\jni.cpp, line 1615]
Event: 7.196 Thread 0x000000001af32000 Exception <a 'java/lang/NoSuchMethodError': <clinit>> (0x00000000d57cb628) thrown at [C:\src\AOSP-openjdk-git\hotspot\src\share\vm\prims\jni.cpp, line 1615]
Event: 7.196 Thread 0x000000001af32000 Exception <a 'java/lang/NoSuchMethodError': <clinit>> (0x00000000d57ccb50) thrown at [C:\src\AOSP-openjdk-git\hotspot\src\share\vm\prims\jni.cpp, line 1615]
Event: 7.200 Thread 0x000000001af32000 Exception <a 'java/lang/NoSuchMethodError': <clinit>> (0x00000000d57d6dc0) thrown at [C:\src\AOSP-openjdk-git\hotspot\src\share\vm\prims\jni.cpp, line 1615]
Event: 7.201 Thread 0x000000001af32000 Exception <a 'java/lang/NoSuchMethodError': <clinit>> (0x00000000d57e1ce0) thrown at [C:\src\AOSP-openjdk-git\hotspot\src\share\vm\prims\jni.cpp, line 1615]
Event: 7.203 Thread 0x000000001af32000 Exception <a 'java/lang/NoSuchMethodError': <clinit>> (0x00000000d57f50e8) thrown at [C:\src\AOSP-openjdk-git\hotspot\src\share\vm\prims\jni.cpp, line 1615]
Event: 7.224 Thread 0x000000001af3c800 Exception <a 'java/lang/ClassNotFoundException': build_cscmigbwann4olcm84079s54bBeanInfo> (0x00000000d809e750) thrown at [C:\src\AOSP-openjdk-git\hotspot\src\share\vm\classfile\systemDictionary.cpp, line 210]
Event: 7.225 Thread 0x000000001af3c800 Exception <a 'java/lang/ClassNotFoundException': build_cscmigbwann4olcm84079s54bCustomizer> (0x00000000d80ab960) thrown at [C:\src\AOSP-openjdk-git\hotspot\src\share\vm\classfile\systemDictionary.cpp, line 210]
Event: 7.232 Thread 0x000000001af3c800 Exception <a 'java/lang/ClassNotFoundException': org/gradle/api/internal/plugins/DefaultObjectConfigurationActionBeanInfo> (0x00000000d81265b8) thrown at [C:\src\AOSP-openjdk-git\hotspot\src\share\vm\classfile\systemDictionary.cpp, line 210]
Event: 7.233 Thread 0x000000001af3c800 Exception <a 'java/lang/ClassNotFoundException': org/gradle/api/internal/plugins/DefaultObjectConfigurationActionCustomizer> (0x00000000d816b788) thrown at [C:\src\AOSP-openjdk-git\hotspot\src\share\vm\classfile\systemDictionary.cpp, line 210]

Events (10 events):
Event: 8.148 loading class sun/security/x509/ExtendedKeyUsageExtension
Event: 8.149 loading class sun/security/x509/ExtendedKeyUsageExtension done
Event: 8.152 loading class sun/security/pkcs/SigningCertificateInfo
Event: 8.152 loading class sun/security/pkcs/SigningCertificateInfo done
Event: 8.152 loading class sun/security/pkcs/ESSCertId
Event: 8.152 loading class sun/security/pkcs/ESSCertId done
Event: 8.152 loading class sun/security/util/ConstraintsParameters
Event: 8.153 loading class sun/security/util/ConstraintsParameters done
Event: 8.153 loading class sun/security/x509/AVAKeyword
Event: 8.154 loading class sun/security/x509/AVAKeyword done


Dynamic libraries:
0x00007ff634b20000 - 0x00007ff634b51000 	C:\Program Files\Android\Android Studio\jre\bin\java.exe
0x00007ffa71220000 - 0x00007ffa7140d000 	C:\WINDOWS\SYSTEM32\ntdll.dll
0x00007ffa70f20000 - 0x00007ffa70fd3000 	C:\WINDOWS\System32\KERNEL32.DLL
0x00007ffa6dfe0000 - 0x00007ffa6e274000 	C:\WINDOWS\System32\KERNELBASE.dll
0x00007ffa6b570000 - 0x00007ffa6b5fc000 	C:\WINDOWS\SYSTEM32\apphelp.dll
0x00007ffa70fe0000 - 0x00007ffa71083000 	C:\WINDOWS\System32\ADVAPI32.dll
0x00007ffa6f640000 - 0x00007ffa6f6de000 	C:\WINDOWS\System32\msvcrt.dll
0x00007ffa6e4a0000 - 0x00007ffa6e53e000 	C:\WINDOWS\System32\sechost.dll
0x00007ffa6e540000 - 0x00007ffa6e662000 	C:\WINDOWS\System32\RPCRT4.dll
0x00007ffa6f060000 - 0x00007ffa6f1f7000 	C:\WINDOWS\System32\USER32.dll
0x00007ffa6e280000 - 0x00007ffa6e2a0000 	C:\WINDOWS\System32\win32u.dll
0x00007ffa71090000 - 0x00007ffa710b9000 	C:\WINDOWS\System32\GDI32.dll
0x00007ffa6de10000 - 0x00007ffa6dfac000 	C:\WINDOWS\System32\gdi32full.dll
0x00007ffa6e3a0000 - 0x00007ffa6e440000 	C:\WINDOWS\System32\msvcp_win.dll
0x00007ffa6e2a0000 - 0x00007ffa6e39a000 	C:\WINDOWS\System32\ucrtbase.dll
0x00007ffa5ce70000 - 0x00007ffa5d0e9000 	C:\WINDOWS\WinSxS\amd64_microsoft.windows.common-controls_6595b64144ccf1df_6.0.17763.1457_none_de7243e4534a70d1\COMCTL32.dll
0x00007ffa6ed30000 - 0x00007ffa6f05d000 	C:\WINDOWS\System32\combase.dll
0x00007ffa6d330000 - 0x00007ffa6d3ae000 	C:\WINDOWS\System32\bcryptPrimitives.dll
0x00007ffa70e10000 - 0x00007ffa70e3e000 	C:\WINDOWS\System32\IMM32.DLL
0x0000000052710000 - 0x00000000527e2000 	C:\Program Files\Android\Android Studio\jre\jre\bin\msvcr100.dll
0x00000000528d0000 - 0x000000005311b000 	C:\Program Files\Android\Android Studio\jre\jre\bin\server\jvm.dll
0x00007ffa70d60000 - 0x00007ffa70d68000 	C:\WINDOWS\System32\PSAPI.DLL
0x00007ffa48b50000 - 0x00007ffa48b59000 	C:\WINDOWS\SYSTEM32\WSOCK32.dll
0x00007ffa70da0000 - 0x00007ffa70e0d000 	C:\WINDOWS\System32\WS2_32.dll
0x00007ffa6af60000 - 0x00007ffa6af84000 	C:\WINDOWS\SYSTEM32\WINMM.dll
0x00007ffa68c00000 - 0x00007ffa68c0a000 	C:\WINDOWS\SYSTEM32\VERSION.dll
0x00007ffa6af00000 - 0x00007ffa6af2d000 	C:\WINDOWS\SYSTEM32\WINMMBASE.dll
0x00007ffa6ddc0000 - 0x00007ffa6de0a000 	C:\WINDOWS\System32\cfgmgr32.dll
0x00007ffa600a0000 - 0x00007ffa600af000 	C:\Program Files\Android\Android Studio\jre\jre\bin\verify.dll
0x00007ffa54940000 - 0x00007ffa54969000 	C:\Program Files\Android\Android Studio\jre\jre\bin\java.dll
0x00007ffa5fab0000 - 0x00007ffa5fac6000 	C:\Program Files\Android\Android Studio\jre\jre\bin\zip.dll
0x00007ffa6f860000 - 0x00007ffa70d59000 	C:\WINDOWS\System32\SHELL32.dll
0x00007ffa6f6e0000 - 0x00007ffa6f789000 	C:\WINDOWS\System32\shcore.dll
0x00007ffa6d5b0000 - 0x00007ffa6dd02000 	C:\WINDOWS\System32\windows.storage.dll
0x00007ffa6d300000 - 0x00007ffa6d324000 	C:\WINDOWS\System32\profapi.dll
0x00007ffa6d260000 - 0x00007ffa6d2bd000 	C:\WINDOWS\System32\powrprof.dll
0x00007ffa70ec0000 - 0x00007ffa70f12000 	C:\WINDOWS\System32\shlwapi.dll
0x00007ffa6d2c0000 - 0x00007ffa6d2d1000 	C:\WINDOWS\System32\kernel.appcore.dll
0x00007ffa6d3b0000 - 0x00007ffa6d3c7000 	C:\WINDOWS\System32\cryptsp.dll
0x00007ffa54920000 - 0x00007ffa5493a000 	C:\Program Files\Android\Android Studio\jre\jre\bin\net.dll
0x00007ffa6ca60000 - 0x00007ffa6cac7000 	C:\WINDOWS\system32\mswsock.dll
0x00007ffa54900000 - 0x00007ffa54913000 	C:\Program Files\Android\Android Studio\jre\jre\bin\nio.dll
0x00007ffa68bd0000 - 0x00007ffa68bf6000 	C:\Users\ZinPaingOo\.gradle\native\31\windows-amd64\native-platform.dll
0x00007ffa60090000 - 0x00007ffa6009d000 	C:\Program Files\Android\Android Studio\jre\jre\bin\management.dll
0x00007ffa6c5e0000 - 0x00007ffa6c613000 	C:\WINDOWS\system32\rsaenh.dll
0x00007ffa6dfb0000 - 0x00007ffa6dfd6000 	C:\WINDOWS\System32\bcrypt.dll
0x00007ffa6d190000 - 0x00007ffa6d1b8000 	C:\WINDOWS\SYSTEM32\USERENV.dll
0x00007ffa6cc30000 - 0x00007ffa6cc3c000 	C:\WINDOWS\SYSTEM32\CRYPTBASE.dll
0x00007ffa6c780000 - 0x00007ffa6c7bd000 	C:\WINDOWS\SYSTEM32\IPHLPAPI.DLL
0x00007ffa6e820000 - 0x00007ffa6e828000 	C:\WINDOWS\System32\NSI.dll
0x00007ffa664f0000 - 0x00007ffa66506000 	C:\WINDOWS\SYSTEM32\dhcpcsvc6.DLL
0x00007ffa663f0000 - 0x00007ffa6640c000 	C:\WINDOWS\SYSTEM32\dhcpcsvc.DLL
0x00007ffa6c7c0000 - 0x00007ffa6c887000 	C:\WINDOWS\SYSTEM32\DNSAPI.dll

VM Arguments:
jvm_args: -Xmx2048m -Dfile.encoding=windows-1252 -Duser.country=US -Duser.language=en -Duser.variant 
java_command: org.gradle.launcher.daemon.bootstrap.GradleDaemon 6.1.1
java_class_path (initial): C:\Users\ZinPaingOo\.gradle\wrapper\dists\gradle-6.1.1-all\cfmwm155h49vnt3hynmlrsdst\gradle-6.1.1\lib\gradle-launcher-6.1.1.jar
Launcher Type: SUN_STANDARD

Environment Variables:
JAVA_HOME=C:\Program Files\Java\jdk1.8.0_231
PATH=C:\Program Files (x86)\Common Files\Oracle\Java\javapath;C:\WINDOWS\system32;C:\WINDOWS;C:\WINDOWS\System32\Wbem;C:\WINDOWS\System32\WindowsPowerShell\v1.0\;C:\WINDOWS\System32\OpenSSH\;C:\Program Files\Git\cmd;C:\Program Files (x86)\node-v12.14.1-win-x64;C:\Program Files\nodejs\;D:\sdk\platform-tools\adb;C:\Users\ZinPaingOo\AppData\Local\Programs\Python\Python37\Scripts\;C:\Users\ZinPaingOo\AppData\Local\Programs\Python\Python37\;C:\Users\ZinPaingOo\AppData\Local\Microsoft\WindowsApps;C:\Users\ZinPaingOo\AppData\Local\Programs\Microsoft VS Code\bin;C:\Users\ZinPaingOo\AppData\Roaming\npm;D:\android_sdk\tools;D:\android_sdk\platform-tools;C:\Program Files\Java\jdk1.8.0_231\bin;C:\src\flutter\flutter\bin;C:\Program Files\Git\bin\;C:\Program Files\Git\cmd\;C:\Users\ZinPaingOo\AppData\Local\GitHubDesktop\bin
USERNAME=ZinPaingOo
OS=Windows_NT
PROCESSOR_IDENTIFIER=Intel64 Family 6 Model 78 Stepping 3, GenuineIntel



---------------  S Y S T E M  ---------------

OS: Windows 10.0 , 64 bit Build 17763 (10.0.17763.475)

CPU:total 4 (initial active 4) (2 cores per cpu, 2 threads per core) family 6 model 78 stepping 3, cmov, cx8, fxsr, mmx, sse, sse2, sse3, ssse3, sse4.1, sse4.2, popcnt, avx, avx2, aes, clmul, erms, 3dnowpref, lzcnt, ht, tsc, tscinvbit, bmi1, bmi2, adx

Memory: 4k page, physical 8082920k(1461804k free), swap 11154920k(5204k free)

vm_info: OpenJDK 64-Bit Server VM (25.242-b01) for windows-amd64 JRE (1.8.0_242-release-1644-b01), built by "builder" with MS VC++ 10.0 (VS2010)

time: Tue Sep 15 12:07:40 2020
timezone: Myanmar Standard Time
elapsed time: 8 seconds (0d 0h 0m 8s)

